kuramoto datasets...
p = 5, T = 100 
lambdas: [0.05]
betas: [0.025]
gammas: [0.]
Model:           GVAR...
Iterating through 1 x 1 grid of parameters...
λ = 0.05; β = 0.025; γ = 0.0; progress: 0.0
Epoch 0 : base_loss 0.4574; sparsity 0.2333; smoothness 0.0011; CF_pred 0.0; AUROC: 0.4062; AUPRC: 0.208; pAUC: 0.4737
Epoch 100 : base_loss 0.0025; sparsity 0.2364; smoothness 0.0011; CF_pred 0.0; AUROC: 0.4062; AUPRC: 0.2358; pAUC: 0.4737
Epoch 200 : base_loss 0.0022; sparsity 0.2336; smoothness 0.0011; CF_pred 0.0; AUROC: 0.3906; AUPRC: 0.2302; pAUC: 0.4737
Epoch 300 : base_loss 0.002; sparsity 0.2314; smoothness 0.0011; CF_pred 0.0; AUROC: 0.3906; AUPRC: 0.2302; pAUC: 0.4737
Epoch 400 : base_loss 0.002; sparsity 0.2298; smoothness 0.0011; CF_pred 0.0; AUROC: 0.3906; AUPRC: 0.2302; pAUC: 0.4737
Epoch 500 : base_loss 0.0019; sparsity 0.2287; smoothness 0.0011; CF_pred 0.0; AUROC: 0.375; AUPRC: 0.2257; pAUC: 0.4737
Epoch 0 : base_loss 0.9303; sparsity 0.2364; smoothness 0.0012; CF_pred 0.0; AUROC: 0.5625; AUPRC: 0.4591; pAUC: 0.6053
Epoch 100 : base_loss 0.0188; sparsity 0.2321; smoothness 0.0013; CF_pred 0.0; AUROC: 0.6094; AUPRC: 0.5318; pAUC: 0.6546
Epoch 200 : base_loss 0.0019; sparsity 0.2278; smoothness 0.0013; CF_pred 0.0; AUROC: 0.625; AUPRC: 0.5375; pAUC: 0.6546
Epoch 300 : base_loss 0.0017; sparsity 0.2227; smoothness 0.0013; CF_pred 0.0; AUROC: 0.6406; AUPRC: 0.6208; pAUC: 0.7368
Epoch 400 : base_loss 0.0016; sparsity 0.2192; smoothness 0.0013; CF_pred 0.0; AUROC: 0.6562; AUPRC: 0.6237; pAUC: 0.7368
Epoch 500 : base_loss 0.0016; sparsity 0.217; smoothness 0.0013; CF_pred 0.0; AUROC: 0.6562; AUPRC: 0.6237; pAUC: 0.7368
Max. stab. = 0.804, at α = 0.894736842105263
Dataset #1; Acc.: 0.75; Bal. Acc.: 0.5625; AUROC: 0.375; AUPRC: 0.2257; pAUC: 0.4737; RMSE: 0.0436; coeff.: 0.0777
predicted:[[0.8091097  0.56432396 0.5830628  0.51579934]
 [1.         0.81878287 0.8411975  0.54123384]
 [0.54731184 0.62557733 0.69069403 0.629838  ]
 [0.44444484 0.6908319  0.6241507  0.5502584 ]
 [0.42841476 0.9661248  0.8643633  0.4943471 ]]
ground truth:[[0 0 0 0]
 [0 0 0 1]
 [0 0 0 0]
 [0 0 1 0]
 [1 0 1 0]]
Epoch 0 : base_loss 0.5896; sparsity 0.248; smoothness 0.0025; CF_pred 0.0; AUROC: 0.4048; AUPRC: 0.2949; pAUC: 0.4737
Epoch 100 : base_loss 0.0063; sparsity 0.2541; smoothness 0.0026; CF_pred 0.0; AUROC: 0.5; AUPRC: 0.3337; pAUC: 0.4737
Epoch 200 : base_loss 0.0055; sparsity 0.2508; smoothness 0.0026; CF_pred 0.0; AUROC: 0.5119; AUPRC: 0.3448; pAUC: 0.4737
Epoch 300 : base_loss 0.0049; sparsity 0.2486; smoothness 0.0026; CF_pred 0.0; AUROC: 0.5; AUPRC: 0.3409; pAUC: 0.4737
Epoch 400 : base_loss 0.0046; sparsity 0.2469; smoothness 0.0026; CF_pred 0.0; AUROC: 0.4881; AUPRC: 0.3374; pAUC: 0.4737
Epoch 500 : base_loss 0.0043; sparsity 0.2459; smoothness 0.0026; CF_pred 0.0; AUROC: 0.4881; AUPRC: 0.3374; pAUC: 0.4737
Epoch 0 : base_loss 0.5301; sparsity 0.2396; smoothness 0.003; CF_pred 0.0; AUROC: 0.6071; AUPRC: 0.6554; pAUC: 0.7368
Epoch 100 : base_loss 0.0066; sparsity 0.2374; smoothness 0.003; CF_pred 0.0; AUROC: 0.4167; AUPRC: 0.4157; pAUC: 0.5614
Epoch 200 : base_loss 0.004; sparsity 0.2311; smoothness 0.003; CF_pred 0.0; AUROC: 0.369; AUPRC: 0.3938; pAUC: 0.5614
Epoch 300 : base_loss 0.0032; sparsity 0.2264; smoothness 0.0031; CF_pred 0.0; AUROC: 0.369; AUPRC: 0.3938; pAUC: 0.5614
Epoch 400 : base_loss 0.0029; sparsity 0.2234; smoothness 0.0031; CF_pred 0.0; AUROC: 0.381; AUPRC: 0.3963; pAUC: 0.5614
Epoch 500 : base_loss 0.0027; sparsity 0.2214; smoothness 0.0031; CF_pred 0.0; AUROC: 0.369; AUPRC: 0.3918; pAUC: 0.5614
Max. stab. = 0.6, at α = 0.7894736842105263
Dataset #2; Acc.: 0.65; Bal. Acc.: 0.5595; AUROC: 0.4881; AUPRC: 0.3374; pAUC: 0.4737; RMSE: 0.0659; coeff.: 0.0846
predicted:[[0.44749722 0.6924039  0.773147   0.7149399 ]
 [0.6926818  0.66618687 0.82572603 1.        ]
 [0.34630805 0.7323287  0.72514606 0.7417373 ]
 [0.5701678  0.5759797  0.53894836 0.48632616]
 [0.60478246 0.5721335  0.7688823  0.64821416]]
ground truth:[[0 0 0 0]
 [0 0 0 0]
 [1 0 1 1]
 [1 0 0 0]
 [0 0 1 1]]
Epoch 0 : base_loss 0.1757; sparsity 0.2417; smoothness 0.0032; CF_pred 0.0; AUROC: 0.4949; AUPRC: 0.5385; pAUC: 0.5375
Epoch 100 : base_loss 0.0052; sparsity 0.2468; smoothness 0.0031; CF_pred 0.0; AUROC: 0.4949; AUPRC: 0.5365; pAUC: 0.5375
Epoch 200 : base_loss 0.0043; sparsity 0.2415; smoothness 0.0031; CF_pred 0.0; AUROC: 0.4848; AUPRC: 0.4809; pAUC: 0.4843
Epoch 300 : base_loss 0.0038; sparsity 0.2377; smoothness 0.0031; CF_pred 0.0; AUROC: 0.4949; AUPRC: 0.4859; pAUC: 0.4843
Epoch 400 : base_loss 0.0034; sparsity 0.2351; smoothness 0.0032; CF_pred 0.0; AUROC: 0.4949; AUPRC: 0.4859; pAUC: 0.4843
Epoch 500 : base_loss 0.0032; sparsity 0.2333; smoothness 0.0032; CF_pred 0.0; AUROC: 0.4949; AUPRC: 0.4859; pAUC: 0.4843
Epoch 0 : base_loss 0.1228; sparsity 0.2303; smoothness 0.004; CF_pred 0.0; AUROC: 0.5455; AUPRC: 0.6661; pAUC: 0.6544
Epoch 100 : base_loss 0.0044; sparsity 0.2251; smoothness 0.004; CF_pred 0.0; AUROC: 0.5859; AUPRC: 0.5783; pAUC: 0.4949
Epoch 200 : base_loss 0.0031; sparsity 0.2179; smoothness 0.0041; CF_pred 0.0; AUROC: 0.6162; AUPRC: 0.5989; pAUC: 0.4949
Epoch 300 : base_loss 0.0025; sparsity 0.2125; smoothness 0.0042; CF_pred 0.0; AUROC: 0.6566; AUPRC: 0.6201; pAUC: 0.4949
Epoch 400 : base_loss 0.0022; sparsity 0.2088; smoothness 0.0042; CF_pred 0.0; AUROC: 0.6667; AUPRC: 0.6294; pAUC: 0.4949
Epoch 500 : base_loss 0.002; sparsity 0.2063; smoothness 0.0043; CF_pred 0.0; AUROC: 0.6869; AUPRC: 0.6379; pAUC: 0.4949
Max. stab. = 1.0, at α = 0.05263157894736842
Dataset #3; Acc.: 0.5; Bal. Acc.: 0.5455; AUROC: 0.4949; AUPRC: 0.4859; pAUC: 0.4843; RMSE: 0.057; coeff.: 0.0811
predicted:[[0.5102758  0.810049   0.72745895 0.6886434 ]
 [0.68032646 0.5692179  0.76304096 0.78909594]
 [0.6708033  0.3948773  0.516954   0.9529041 ]
 [0.8879054  1.         0.7752972  0.6304927 ]
 [0.3797961  0.8639819  0.5536196  0.70769215]]
ground truth:[[1 0 1 1]
 [0 0 1 0]
 [1 0 1 1]
 [1 0 0 1]
 [0 0 0 0]]
Epoch 0 : base_loss 0.2321; sparsity 0.2259; smoothness 0.0023; CF_pred 0.0; AUROC: 0.375; AUPRC: 0.4013; pAUC: 0.4846
Epoch 100 : base_loss 0.0023; sparsity 0.2304; smoothness 0.0022; CF_pred 0.0; AUROC: 0.3125; AUPRC: 0.3719; pAUC: 0.4846
Epoch 200 : base_loss 0.0019; sparsity 0.2247; smoothness 0.0022; CF_pred 0.0; AUROC: 0.3125; AUPRC: 0.3719; pAUC: 0.4846
Epoch 300 : base_loss 0.0017; sparsity 0.2205; smoothness 0.0023; CF_pred 0.0; AUROC: 0.3229; AUPRC: 0.3844; pAUC: 0.4846
Epoch 400 : base_loss 0.0016; sparsity 0.2177; smoothness 0.0023; CF_pred 0.0; AUROC: 0.3229; AUPRC: 0.3844; pAUC: 0.4846
Epoch 500 : base_loss 0.0015; sparsity 0.2158; smoothness 0.0023; CF_pred 0.0; AUROC: 0.3229; AUPRC: 0.3844; pAUC: 0.4846
Epoch 0 : base_loss 0.4035; sparsity 0.2348; smoothness 0.0021; CF_pred 0.0; AUROC: 0.6771; AUPRC: 0.7169; pAUC: 0.682
Epoch 100 : base_loss 0.0089; sparsity 0.2342; smoothness 0.0021; CF_pred 0.0; AUROC: 0.5521; AUPRC: 0.5608; pAUC: 0.5395
Epoch 200 : base_loss 0.0042; sparsity 0.2329; smoothness 0.0021; CF_pred 0.0; AUROC: 0.5417; AUPRC: 0.558; pAUC: 0.5395
Epoch 300 : base_loss 0.0039; sparsity 0.2307; smoothness 0.0021; CF_pred 0.0; AUROC: 0.5521; AUPRC: 0.5608; pAUC: 0.5395
Epoch 400 : base_loss 0.0037; sparsity 0.229; smoothness 0.0021; CF_pred 0.0; AUROC: 0.5625; AUPRC: 0.5636; pAUC: 0.5395
Epoch 500 : base_loss 0.0035; sparsity 0.2279; smoothness 0.0021; CF_pred 0.0; AUROC: 0.5625; AUPRC: 0.5636; pAUC: 0.5395
Max. stab. = 1.0, at α = 1.0
Dataset #4; Acc.: 0.55; Bal. Acc.: 0.4583; AUROC: 0.3229; AUPRC: 0.3844; pAUC: 0.4846; RMSE: 0.0388; coeff.: 0.0747
predicted:[[0.8480612  0.5268018  0.3998866  0.52305007]
 [1.         0.46817204 0.54652077 0.5662821 ]
 [0.55160576 0.49684373 0.6032932  0.58654344]
 [0.4859118  0.33371854 0.6392539  0.64956945]
 [0.51523435 0.537447   0.7844758  0.6049938 ]]
ground truth:[[1 0 1 0]
 [0 0 0 0]
 [0 1 0 1]
 [1 1 0 1]
 [1 0 0 0]]
Epoch 0 : base_loss 0.4274; sparsity 0.2502; smoothness 0.0043; CF_pred 0.0; AUROC: 0.5859; AUPRC: 0.5977; pAUC: 0.5322
Epoch 100 : base_loss 0.0057; sparsity 0.2516; smoothness 0.0043; CF_pred 0.0; AUROC: 0.4242; AUPRC: 0.4218; pAUC: 0.4737
Epoch 200 : base_loss 0.0048; sparsity 0.2501; smoothness 0.0043; CF_pred 0.0; AUROC: 0.4343; AUPRC: 0.4269; pAUC: 0.4737
Epoch 300 : base_loss 0.0044; sparsity 0.2483; smoothness 0.0043; CF_pred 0.0; AUROC: 0.4242; AUPRC: 0.4213; pAUC: 0.4737
Epoch 400 : base_loss 0.0042; sparsity 0.247; smoothness 0.0043; CF_pred 0.0; AUROC: 0.4242; AUPRC: 0.4213; pAUC: 0.4737
Epoch 500 : base_loss 0.0041; sparsity 0.2461; smoothness 0.0043; CF_pred 0.0; AUROC: 0.4242; AUPRC: 0.4213; pAUC: 0.4737
Epoch 0 : base_loss 0.7479; sparsity 0.2643; smoothness 0.0044; CF_pred 0.0; AUROC: 0.6364; AUPRC: 0.5876; pAUC: 0.4843
Epoch 100 : base_loss 0.01; sparsity 0.2696; smoothness 0.0045; CF_pred 0.0; AUROC: 0.6667; AUPRC: 0.6984; pAUC: 0.596
Epoch 200 : base_loss 0.0061; sparsity 0.2659; smoothness 0.0045; CF_pred 0.0; AUROC: 0.6768; AUPRC: 0.7019; pAUC: 0.596
Epoch 300 : base_loss 0.0054; sparsity 0.262; smoothness 0.0045; CF_pred 0.0; AUROC: 0.6768; AUPRC: 0.7019; pAUC: 0.596
Epoch 400 : base_loss 0.005; sparsity 0.2592; smoothness 0.0045; CF_pred 0.0; AUROC: 0.6768; AUPRC: 0.7019; pAUC: 0.596
Epoch 500 : base_loss 0.0048; sparsity 0.2575; smoothness 0.0045; CF_pred 0.0; AUROC: 0.6869; AUPRC: 0.7093; pAUC: 0.596
Max. stab. = 0.531, at α = 0.8421052631578947
Dataset #5; Acc.: 0.35; Bal. Acc.: 0.3182; AUROC: 0.4242; AUPRC: 0.4213; pAUC: 0.4737; RMSE: 0.0639; coeff.: 0.0847
predicted:[[0.6122801  0.74668044 0.55845255 0.9043342 ]
 [0.8991313  0.66115355 0.5300873  0.9435765 ]
 [0.76560706 0.54706    0.777142   0.9910227 ]
 [0.3295053  0.44881645 1.         0.89431757]
 [0.9521764  0.8081402  0.734352   0.9369168 ]]
ground truth:[[0 1 0 1]
 [1 0 1 0]
 [0 1 1 0]
 [0 1 0 1]
 [0 0 0 1]]
Epoch 0 : base_loss 0.5451; sparsity 0.2426; smoothness 0.0019; CF_pred 0.0; AUROC: 0.631; AUPRC: 0.4298; pAUC: 0.4987
Epoch 100 : base_loss 0.0025; sparsity 0.2486; smoothness 0.0019; CF_pred 0.0; AUROC: 0.5833; AUPRC: 0.3741; pAUC: 0.4737
Epoch 200 : base_loss 0.0022; sparsity 0.2461; smoothness 0.0019; CF_pred 0.0; AUROC: 0.5952; AUPRC: 0.3852; pAUC: 0.4737
Epoch 300 : base_loss 0.0019; sparsity 0.2443; smoothness 0.0019; CF_pred 0.0; AUROC: 0.5952; AUPRC: 0.3852; pAUC: 0.4737
Epoch 400 : base_loss 0.0018; sparsity 0.2431; smoothness 0.0019; CF_pred 0.0; AUROC: 0.5714; AUPRC: 0.3733; pAUC: 0.4737
Epoch 500 : base_loss 0.0017; sparsity 0.2422; smoothness 0.0019; CF_pred 0.0; AUROC: 0.5714; AUPRC: 0.3733; pAUC: 0.4737
Epoch 0 : base_loss 0.9517; sparsity 0.2737; smoothness 0.0016; CF_pred 0.0; AUROC: 0.7143; AUPRC: 0.5125; pAUC: 0.5238
Epoch 100 : base_loss 0.0046; sparsity 0.2802; smoothness 0.0016; CF_pred 0.0; AUROC: 0.6071; AUPRC: 0.4368; pAUC: 0.5238
Epoch 200 : base_loss 0.0023; sparsity 0.2787; smoothness 0.0016; CF_pred 0.0; AUROC: 0.6071; AUPRC: 0.4368; pAUC: 0.5238
Epoch 300 : base_loss 0.0021; sparsity 0.2766; smoothness 0.0016; CF_pred 0.0; AUROC: 0.5833; AUPRC: 0.4275; pAUC: 0.5238
Epoch 400 : base_loss 0.002; sparsity 0.2752; smoothness 0.0016; CF_pred 0.0; AUROC: 0.5833; AUPRC: 0.4275; pAUC: 0.5238
Epoch 500 : base_loss 0.0019; sparsity 0.2742; smoothness 0.0016; CF_pred 0.0; AUROC: 0.5952; AUPRC: 0.4317; pAUC: 0.5238
Max. stab. = 0.596, at α = 0.47368421052631576
Dataset #6; Acc.: 0.55; Bal. Acc.: 0.5833; AUROC: 0.5714; AUPRC: 0.3733; pAUC: 0.4737; RMSE: 0.0416; coeff.: 0.0844
predicted:[[0.5534655  0.552194   0.7847386  1.        ]
 [0.5606322  0.70745516 0.9290543  0.84369797]
 [0.6000967  0.58626556 0.60555637 0.92180085]
 [0.6819153  0.83617145 0.61074257 0.73767775]
 [0.6216482  0.99012214 0.64670956 0.5723375 ]]
ground truth:[[0 1 1 0]
 [0 1 0 1]
 [0 0 0 1]
 [0 0 0 0]
 [1 0 0 0]]
Epoch 0 : base_loss 0.217; sparsity 0.243; smoothness 0.0023; CF_pred 0.0; AUROC: 0.6703; AUPRC: 0.5928; pAUC: 0.5662
Epoch 100 : base_loss 0.0027; sparsity 0.251; smoothness 0.0022; CF_pred 0.0; AUROC: 0.4615; AUPRC: 0.4786; pAUC: 0.5662
Epoch 200 : base_loss 0.0022; sparsity 0.2462; smoothness 0.0023; CF_pred 0.0; AUROC: 0.4945; AUPRC: 0.5324; pAUC: 0.6241
Epoch 300 : base_loss 0.0019; sparsity 0.2423; smoothness 0.0023; CF_pred 0.0; AUROC: 0.4945; AUPRC: 0.532; pAUC: 0.6241
Epoch 400 : base_loss 0.0017; sparsity 0.2396; smoothness 0.0023; CF_pred 0.0; AUROC: 0.4945; AUPRC: 0.532; pAUC: 0.6241
Epoch 500 : base_loss 0.0016; sparsity 0.2378; smoothness 0.0023; CF_pred 0.0; AUROC: 0.4945; AUPRC: 0.5325; pAUC: 0.6241
Epoch 0 : base_loss 0.5774; sparsity 0.2624; smoothness 0.0025; CF_pred 0.0; AUROC: 0.7033; AUPRC: 0.587; pAUC: 0.5257
Epoch 100 : base_loss 0.0196; sparsity 0.2645; smoothness 0.0025; CF_pred 0.0; AUROC: 0.7143; AUPRC: 0.6254; pAUC: 0.5662
Epoch 200 : base_loss 0.0017; sparsity 0.2677; smoothness 0.0025; CF_pred 0.0; AUROC: 0.7143; AUPRC: 0.6254; pAUC: 0.5662
Epoch 300 : base_loss 0.0013; sparsity 0.2666; smoothness 0.0026; CF_pred 0.0; AUROC: 0.7033; AUPRC: 0.6118; pAUC: 0.5662
Epoch 400 : base_loss 0.0012; sparsity 0.2654; smoothness 0.0026; CF_pred 0.0; AUROC: 0.7033; AUPRC: 0.6118; pAUC: 0.5662
Epoch 500 : base_loss 0.0011; sparsity 0.2646; smoothness 0.0026; CF_pred 0.0; AUROC: 0.7033; AUPRC: 0.6118; pAUC: 0.5662
Max. stab. = 0.7, at α = 0.5263157894736842
Dataset #7; Acc.: 0.45; Bal. Acc.: 0.4451; AUROC: 0.4945; AUPRC: 0.5325; pAUC: 0.6241; RMSE: 0.0406; coeff.: 0.0855
predicted:[[0.65216804 0.6102241  1.         0.7097365 ]
 [0.44218326 0.5291015  0.467921   0.71170384]
 [0.5558665  0.5751469  0.63384527 0.6257179 ]
 [0.6559082  0.4949299  0.5243468  0.7094778 ]
 [0.29663938 0.5276033  0.49799728 0.5781162 ]]
ground truth:[[0 0 1 0]
 [0 1 0 1]
 [0 0 0 0]
 [0 1 1 0]
 [0 0 1 1]]
Epoch 0 : base_loss 0.4135; sparsity 0.2525; smoothness 0.002; CF_pred 0.0; AUROC: 0.68; AUPRC: 0.6477; pAUC: 0.4737
Epoch 100 : base_loss 0.006; sparsity 0.2556; smoothness 0.0021; CF_pred 0.0; AUROC: 0.65; AUPRC: 0.6347; pAUC: 0.5263
Epoch 200 : base_loss 0.0039; sparsity 0.2508; smoothness 0.0021; CF_pred 0.0; AUROC: 0.66; AUPRC: 0.6446; pAUC: 0.5263
Epoch 300 : base_loss 0.0034; sparsity 0.2463; smoothness 0.0021; CF_pred 0.0; AUROC: 0.63; AUPRC: 0.6418; pAUC: 0.5263
Epoch 400 : base_loss 0.0031; sparsity 0.2432; smoothness 0.0021; CF_pred 0.0; AUROC: 0.63; AUPRC: 0.6418; pAUC: 0.5263
Epoch 500 : base_loss 0.0029; sparsity 0.2412; smoothness 0.0021; CF_pred 0.0; AUROC: 0.6; AUPRC: 0.6256; pAUC: 0.5263
Epoch 0 : base_loss 0.4782; sparsity 0.2228; smoothness 0.002; CF_pred 0.0; AUROC: 0.59; AUPRC: 0.5676; pAUC: 0.4737
Epoch 100 : base_loss 0.0122; sparsity 0.2301; smoothness 0.002; CF_pred 0.0; AUROC: 0.65; AUPRC: 0.6946; pAUC: 0.5789
Epoch 200 : base_loss 0.0058; sparsity 0.2288; smoothness 0.002; CF_pred 0.0; AUROC: 0.68; AUPRC: 0.7254; pAUC: 0.5789
Epoch 300 : base_loss 0.0053; sparsity 0.2254; smoothness 0.002; CF_pred 0.0; AUROC: 0.77; AUPRC: 0.8067; pAUC: 0.5789
Epoch 400 : base_loss 0.005; sparsity 0.2231; smoothness 0.002; CF_pred 0.0; AUROC: 0.77; AUPRC: 0.8067; pAUC: 0.5789
Epoch 500 : base_loss 0.0048; sparsity 0.2215; smoothness 0.002; CF_pred 0.0; AUROC: 0.77; AUPRC: 0.8067; pAUC: 0.5789
Max. stab. = 0.479, at α = 0.42105263157894735
Dataset #8; Acc.: 0.6; Bal. Acc.: 0.6; AUROC: 0.6; AUPRC: 0.6256; pAUC: 0.5263; RMSE: 0.0536; coeff.: 0.0821
predicted:[[0.77943367 0.6127616  0.8724748  0.63423544]
 [0.8469051  0.8498459  0.65672714 0.67001593]
 [0.60433674 0.34321082 0.60716575 0.5531558 ]
 [0.5670544  0.656437   0.53351265 0.48533404]
 [0.7429053  0.7529994  0.59563184 1.        ]]
ground truth:[[0 0 0 1]
 [0 1 0 1]
 [1 0 0 1]
 [0 1 1 0]
 [1 1 0 1]]
Epoch 0 : base_loss 0.3084; sparsity 0.243; smoothness 0.0012; CF_pred 0.0; AUROC: 0.6094; AUPRC: 0.6103; pAUC: 0.7368
Epoch 100 : base_loss 0.0032; sparsity 0.2279; smoothness 0.0012; CF_pred 0.0; AUROC: 0.4688; AUPRC: 0.4275; pAUC: 0.6053
Epoch 200 : base_loss 0.0007; sparsity 0.217; smoothness 0.0012; CF_pred 0.0; AUROC: 0.4688; AUPRC: 0.4275; pAUC: 0.6053
Epoch 300 : base_loss 0.0007; sparsity 0.2097; smoothness 0.0012; CF_pred 0.0; AUROC: 0.4688; AUPRC: 0.3051; pAUC: 0.523
Epoch 400 : base_loss 0.0007; sparsity 0.2051; smoothness 0.0012; CF_pred 0.0; AUROC: 0.4688; AUPRC: 0.3051; pAUC: 0.523
Epoch 500 : base_loss 0.0006; sparsity 0.2022; smoothness 0.0012; CF_pred 0.0; AUROC: 0.4688; AUPRC: 0.3051; pAUC: 0.523
Epoch 0 : base_loss 0.199; sparsity 0.2396; smoothness 0.0013; CF_pred 0.0; AUROC: 0.6562; AUPRC: 0.2978; pAUC: 0.4737
Epoch 100 : base_loss 0.0009; sparsity 0.2373; smoothness 0.0013; CF_pred 0.0; AUROC: 0.5781; AUPRC: 0.2682; pAUC: 0.4737
Epoch 200 : base_loss 0.0008; sparsity 0.2256; smoothness 0.0013; CF_pred 0.0; AUROC: 0.5938; AUPRC: 0.2729; pAUC: 0.4737
Epoch 300 : base_loss 0.0007; sparsity 0.2174; smoothness 0.0013; CF_pred 0.0; AUROC: 0.6094; AUPRC: 0.2729; pAUC: 0.4737
Epoch 400 : base_loss 0.0007; sparsity 0.212; smoothness 0.0013; CF_pred 0.0; AUROC: 0.5938; AUPRC: 0.2665; pAUC: 0.4737
Epoch 500 : base_loss 0.0007; sparsity 0.2086; smoothness 0.0013; CF_pred 0.0; AUROC: 0.5938; AUPRC: 0.2665; pAUC: 0.4737
Max. stab. = 0.722, at α = 0.10526315789473684
Dataset #9; Acc.: 0.2; Bal. Acc.: 0.4062; AUROC: 0.4688; AUPRC: 0.3051; pAUC: 0.523; RMSE: 0.0253; coeff.: 0.0706
predicted:[[0.7968826  0.44644204 0.7489918  0.7082026 ]
 [0.8601407  0.99029773 0.6829621  0.7507704 ]
 [0.5461008  0.7744236  0.59843045 0.6223571 ]
 [0.90923905 1.         0.5054     0.5963448 ]
 [0.1182634  0.5874452  0.17880309 0.58708876]]
ground truth:[[0 0 0 0]
 [0 1 0 0]
 [0 1 0 0]
 [0 0 1 0]
 [0 0 1 0]]
Epoch 0 : base_loss 0.7079; sparsity 0.2411; smoothness 0.0033; CF_pred 0.0; AUROC: 0.6786; AUPRC: 0.508; pAUC: 0.5238
Epoch 100 : base_loss 0.0054; sparsity 0.243; smoothness 0.0032; CF_pred 0.0; AUROC: 0.4405; AUPRC: 0.2887; pAUC: 0.4737
Epoch 200 : base_loss 0.0037; sparsity 0.239; smoothness 0.0032; CF_pred 0.0; AUROC: 0.4286; AUPRC: 0.2859; pAUC: 0.4737
Epoch 300 : base_loss 0.0033; sparsity 0.2353; smoothness 0.0032; CF_pred 0.0; AUROC: 0.4167; AUPRC: 0.2836; pAUC: 0.4737
Epoch 400 : base_loss 0.0031; sparsity 0.2327; smoothness 0.0032; CF_pred 0.0; AUROC: 0.4286; AUPRC: 0.2884; pAUC: 0.4737
Epoch 500 : base_loss 0.003; sparsity 0.231; smoothness 0.0032; CF_pred 0.0; AUROC: 0.4286; AUPRC: 0.2884; pAUC: 0.4737
Epoch 0 : base_loss 1.2092; sparsity 0.2697; smoothness 0.0037; CF_pred 0.0; AUROC: 0.6786; AUPRC: 0.4249; pAUC: 0.4737
Epoch 100 : base_loss 0.0426; sparsity 0.2671; smoothness 0.0037; CF_pred 0.0; AUROC: 0.6667; AUPRC: 0.4338; pAUC: 0.4987
Epoch 200 : base_loss 0.0074; sparsity 0.2701; smoothness 0.0038; CF_pred 0.0; AUROC: 0.6429; AUPRC: 0.4298; pAUC: 0.4987
Epoch 300 : base_loss 0.0061; sparsity 0.2688; smoothness 0.0039; CF_pred 0.0; AUROC: 0.631; AUPRC: 0.4237; pAUC: 0.4987
Epoch 400 : base_loss 0.0056; sparsity 0.2675; smoothness 0.0039; CF_pred 0.0; AUROC: 0.619; AUPRC: 0.4181; pAUC: 0.4987
Epoch 500 : base_loss 0.0053; sparsity 0.2665; smoothness 0.0039; CF_pred 0.0; AUROC: 0.619; AUPRC: 0.4181; pAUC: 0.4987
Max. stab. = 0.67, at α = 0.6842105263157894
Dataset #10; Acc.: 0.35; Bal. Acc.: 0.25; AUROC: 0.4286; AUPRC: 0.2884; pAUC: 0.4737; RMSE: 0.0543; coeff.: 0.0808
predicted:[[0.5966484  0.65454197 0.67056376 0.86771953]
 [0.80770904 0.41248518 0.3812233  0.58016205]
 [0.7859934  0.71566087 1.         0.8358135 ]
 [0.626206   0.70346844 0.4840933  0.7489334 ]
 [0.8669636  0.90423495 0.5786259  0.53633505]]
ground truth:[[1 1 1 0]
 [0 0 0 0]
 [0 1 0 0]
 [1 1 0 0]
 [0 0 0 0]]

Acc.         :0.495
Bal. Acc.    :0.47286317848817844
AUROC        :0.46684593184593187
AUPRC        :0.3979563519639307
pAUC        :0.50107892838156
RMSE        :0.04846643475912919
coeff.         :0.08061406761407852
 computation time: 27.746 (+/-) 3.219
./weights/kuramoto_gvar_10/_TEST_bidirection best λ = [0.05]; β = [0.025]; γ = [0.]
 RMSE, mean_coeffs: [0.048] $\pm$ [0.012] & [0.081] $\pm$ [0.005] 
Acc, BA, AUC, AUPRC: [0.495] $\pm$ [0.154] & [0.473] $\pm$ [0.113] & [0.467] $\pm$ [0.079] & [0.398] $\pm$ [0.115] 
--Return--
> /work4/fujii/work/ABM/experimental_utils.py(355)run_grid_search()->None
-> import pdb; pdb.set_trace()
(Pdb) 
Traceback (most recent call last):
  File "run_grid_search.py", line 482, in <module>
    index_None = index_None_te, args_list = args_list_te)
  File "/work4/fujii/work/ABM/experimental_utils.py", line 355, in run_grid_search
    import pdb; pdb.set_trace()
  File "/usr/lib64/python3.6/bdb.py", line 55, in trace_dispatch
    return self.dispatch_return(frame, arg)
  File "/usr/lib64/python3.6/bdb.py", line 99, in dispatch_return
    if self.quitting: raise BdbQuit
bdb.BdbQuit
kuramoto datasets...
p = 5, T = 100 
lambdas: [0.]
betas: [0.]
gammas: [10.]
Model:           GVAR...
Iterating through 1 x 1 grid of parameters...
λ = 0.0; β = 0.0; γ = 10.0; progress: 0.0
Epoch 0 : base_loss 0.0274; sparsity 1.2636; smoothness 0.0053; CF_pred 0.0953; AUROC: 0.4688; AUPRC: 0.2827; pAUC: 0.523
Epoch 100 : base_loss 0.0006; sparsity 0.5234; smoothness 0.003; CF_pred 0.0141; AUROC: 0.9062; AUPRC: 0.6083; pAUC: 0.5724
Epoch 200 : base_loss 0.0002; sparsity 0.448; smoothness 0.0027; CF_pred 0.0045; AUROC: 0.9219; AUPRC: 0.7333; pAUC: 0.6546
Epoch 300 : base_loss 0.0001; sparsity 0.4297; smoothness 0.0026; CF_pred 0.0026; AUROC: 0.9375; AUPRC: 0.7708; pAUC: 0.7039
Epoch 400 : base_loss 0.0001; sparsity 0.4223; smoothness 0.0025; CF_pred 0.0019; AUROC: 0.9375; AUPRC: 0.7708; pAUC: 0.7039
Epoch 500 : base_loss 0.0001; sparsity 0.4184; smoothness 0.0025; CF_pred 0.0017; AUROC: 0.9375; AUPRC: 0.7708; pAUC: 0.7039
Dataset #1; Acc.: 0.9; Bal. Acc.: 0.8438; AUROC: 0.9375; AUPRC: 0.7708; pAUC: 0.7039; RMSE: 0.0088; coeff.: 0.0061
predicted:[[0.00084257 0.00086938 0.00074704 0.00093428]
 [0.00954779 0.00425545 0.00403544 0.05856608]
 [0.00068065 0.0007337  0.00070797 0.00055369]
 [0.01213331 0.02843272 0.0390156  0.02114423]
 [0.03079078 0.01029043 0.02294254 0.04182928]]
ground truth:[[0 0 0 0]
 [0 0 0 1]
 [0 0 0 0]
 [0 0 1 0]
 [1 0 1 0]]
Epoch 0 : base_loss 0.0147; sparsity 0.881; smoothness 0.0054; CF_pred 0.069; AUROC: 0.2262; AUPRC: 0.2297; pAUC: 0.4737
Epoch 100 : base_loss 0.0004; sparsity 0.4785; smoothness 0.0042; CF_pred 0.0097; AUROC: 0.9286; AUPRC: 0.8; pAUC: 0.6617
Epoch 200 : base_loss 0.0001; sparsity 0.4495; smoothness 0.0043; CF_pred 0.0036; AUROC: 0.9524; AUPRC: 0.8734; pAUC: 0.7494
Epoch 300 : base_loss 0.0001; sparsity 0.4455; smoothness 0.0044; CF_pred 0.0022; AUROC: 0.9524; AUPRC: 0.8734; pAUC: 0.7494
Epoch 400 : base_loss 0.0001; sparsity 0.4449; smoothness 0.0044; CF_pred 0.0017; AUROC: 0.9524; AUPRC: 0.8734; pAUC: 0.7494
Epoch 500 : base_loss 0.0; sparsity 0.4449; smoothness 0.0044; CF_pred 0.0015; AUROC: 0.9524; AUPRC: 0.8734; pAUC: 0.7494
Dataset #2; Acc.: 0.95; Bal. Acc.: 0.9643; AUROC: 0.9524; AUPRC: 0.8734; pAUC: 0.7494; RMSE: 0.007; coeff.: 0.0066
predicted:[[0.00079346 0.00043254 0.00108246 0.00049072]
 [0.00045259 0.00044143 0.00047218 0.00063277]
 [0.02905484 0.03114452 0.04292835 0.02835945]
 [0.02556768 0.01577079 0.00575806 0.0158402 ]
 [0.01447686 0.01439704 0.04505242 0.02893686]]
ground truth:[[0 0 0 0]
 [0 0 0 0]
 [1 0 1 1]
 [1 0 0 0]
 [0 0 1 1]]
Epoch 0 : base_loss 0.0098; sparsity 0.8769; smoothness 0.0074; CF_pred 0.0279; AUROC: 0.4949; AUPRC: 0.4674; pAUC: 0.479
Epoch 100 : base_loss 0.0004; sparsity 0.6202; smoothness 0.006; CF_pred 0.003; AUROC: 0.9596; AUPRC: 0.9536; pAUC: 0.8352
Epoch 200 : base_loss 0.0001; sparsity 0.611; smoothness 0.0059; CF_pred 0.0011; AUROC: 0.9899; AUPRC: 0.9889; pAUC: 0.9468
Epoch 300 : base_loss 0.0001; sparsity 0.6099; smoothness 0.0058; CF_pred 0.0007; AUROC: 1.0; AUPRC: 1.0; pAUC: 1.0
Epoch 400 : base_loss 0.0001; sparsity 0.6094; smoothness 0.0058; CF_pred 0.0005; AUROC: 1.0; AUPRC: 1.0; pAUC: 1.0
Epoch 500 : base_loss 0.0; sparsity 0.6092; smoothness 0.0058; CF_pred 0.0005; AUROC: 1.0; AUPRC: 1.0; pAUC: 1.0
Dataset #3; Acc.: 0.9; Bal. Acc.: 0.8889; AUROC: 1.0; AUPRC: 1.0; pAUC: 1.0; RMSE: 0.0067; coeff.: 0.009
predicted:[[0.03900014 0.0136517  0.05217939 0.0463171 ]
 [0.00941121 0.01264848 0.02495467 0.0079735 ]
 [0.03390497 0.01466652 0.02592753 0.04110925]
 [0.02764631 0.02273113 0.009618   0.0536665 ]
 [0.00048827 0.00036025 0.00035664 0.00041021]]
ground truth:[[1 0 1 1]
 [0 0 1 0]
 [1 0 1 1]
 [1 0 0 1]
 [0 0 0 0]]
Epoch 0 : base_loss 0.0216; sparsity 1.2972; smoothness 0.0065; CF_pred 0.0501; AUROC: 0.5208; AUPRC: 0.4886; pAUC: 0.4846
Epoch 100 : base_loss 0.0003; sparsity 0.8339; smoothness 0.0047; CF_pred 0.0058; AUROC: 0.8854; AUPRC: 0.7347; pAUC: 0.5285
Epoch 200 : base_loss 0.0001; sparsity 0.7988; smoothness 0.0045; CF_pred 0.002; AUROC: 0.9062; AUPRC: 0.7603; pAUC: 0.5504
Epoch 300 : base_loss 0.0001; sparsity 0.7878; smoothness 0.0045; CF_pred 0.0012; AUROC: 0.9167; AUPRC: 0.7714; pAUC: 0.5614
Epoch 400 : base_loss 0.0001; sparsity 0.7825; smoothness 0.0045; CF_pred 0.0009; AUROC: 0.9167; AUPRC: 0.7714; pAUC: 0.5614
Epoch 500 : base_loss 0.0; sparsity 0.7798; smoothness 0.0044; CF_pred 0.0008; AUROC: 0.9167; AUPRC: 0.7714; pAUC: 0.5614
Dataset #4; Acc.: 0.8; Bal. Acc.: 0.7708; AUROC: 0.9167; AUPRC: 0.7714; pAUC: 0.5614; RMSE: 0.0067; coeff.: 0.0116
predicted:[[0.05186255 0.01680215 0.05048553 0.0168901 ]
 [0.00084424 0.00048876 0.00070467 0.00060598]
 [0.01417179 0.0678715  0.02107207 0.04118165]
 [0.03870573 0.03698115 0.0254046  0.0361413 ]
 [0.04923039 0.0779412  0.03343811 0.02535989]]
ground truth:[[1 0 1 0]
 [0 0 0 0]
 [0 1 0 1]
 [1 1 0 1]
 [1 0 0 0]]
Epoch 0 : base_loss 0.0127; sparsity 0.9993; smoothness 0.0077; CF_pred 0.0; AUROC: 0.2727; AUPRC: 0.3569; pAUC: 0.4737
Epoch 100 : base_loss 0.0004; sparsity 0.828; smoothness 0.0069; CF_pred 0.0; AUROC: 0.7475; AUPRC: 0.7064; pAUC: 0.5906
Epoch 200 : base_loss 0.0002; sparsity 0.8139; smoothness 0.0068; CF_pred 0.0; AUROC: 0.8687; AUPRC: 0.8305; pAUC: 0.6172
Epoch 300 : base_loss 0.0002; sparsity 0.8089; smoothness 0.0067; CF_pred 0.0; AUROC: 0.899; AUPRC: 0.8485; pAUC: 0.6119
Epoch 400 : base_loss 0.0001; sparsity 0.807; smoothness 0.0067; CF_pred 0.0; AUROC: 0.9091; AUPRC: 0.8763; pAUC: 0.6651
Epoch 500 : base_loss 0.0001; sparsity 0.8063; smoothness 0.0067; CF_pred 0.0; AUROC: 0.9091; AUPRC: 0.8763; pAUC: 0.6651
Dataset #5; Acc.: 0.8; Bal. Acc.: 0.798; AUROC: 0.9091; AUPRC: 0.8763; pAUC: 0.6651; RMSE: 0.0104; coeff.: 0.0118
predicted:[[0.03573429 0.04925558 0.03914354 0.03196939]
 [0.03915049 0.02946289 0.03124395 0.0093073 ]
 [0.00604333 0.03547266 0.03697853 0.01583879]
 [0.00715973 0.03694817 0.02912183 0.06914585]
 [0.02405782 0.02601303 0.0139408  0.03596085]]
ground truth:[[0 1 0 1]
 [1 0 1 0]
 [0 1 1 0]
 [0 1 0 1]
 [0 0 0 1]]
Epoch 0 : base_loss 0.0052; sparsity 0.8991; smoothness 0.0055; CF_pred 0.0312; AUROC: 0.7024; AUPRC: 0.6189; pAUC: 0.6491
Epoch 100 : base_loss 0.0002; sparsity 0.5826; smoothness 0.0042; CF_pred 0.0041; AUROC: 1.0; AUPRC: 1.0; pAUC: 1.0
Epoch 200 : base_loss 0.0001; sparsity 0.5588; smoothness 0.0042; CF_pred 0.0013; AUROC: 1.0; AUPRC: 1.0; pAUC: 1.0
Epoch 300 : base_loss 0.0; sparsity 0.5513; smoothness 0.0042; CF_pred 0.0007; AUROC: 1.0; AUPRC: 1.0; pAUC: 1.0
Epoch 400 : base_loss 0.0; sparsity 0.5479; smoothness 0.0041; CF_pred 0.0006; AUROC: 1.0; AUPRC: 1.0; pAUC: 1.0
Epoch 500 : base_loss 0.0; sparsity 0.546; smoothness 0.0041; CF_pred 0.0005; AUROC: 1.0; AUPRC: 1.0; pAUC: 1.0
Dataset #6; Acc.: 1.0; Bal. Acc.: 1.0; AUROC: 1.0; AUPRC: 1.0; pAUC: 1.0; RMSE: 0.0043; coeff.: 0.0081
predicted:[[0.01123318 0.03694325 0.05345067 0.00614306]
 [0.0209603  0.04929816 0.016051   0.04194626]
 [0.01388603 0.01329681 0.01336009 0.03644058]
 [0.0005066  0.00047839 0.00029307 0.00045171]
 [0.05893001 0.00508551 0.01171551 0.0143409 ]]
ground truth:[[0 1 1 0]
 [0 1 0 1]
 [0 0 0 1]
 [0 0 0 0]
 [1 0 0 0]]
Epoch 0 : base_loss 0.0119; sparsity 0.7486; smoothness 0.0045; CF_pred 0.0244; AUROC: 0.3407; AUPRC: 0.2979; pAUC: 0.4737
Epoch 100 : base_loss 0.0003; sparsity 0.5781; smoothness 0.0039; CF_pred 0.0025; AUROC: 1.0; AUPRC: 1.0; pAUC: 1.0
Epoch 200 : base_loss 0.0001; sparsity 0.5706; smoothness 0.0038; CF_pred 0.001; AUROC: 1.0; AUPRC: 1.0; pAUC: 1.0
Epoch 300 : base_loss 0.0001; sparsity 0.5702; smoothness 0.0038; CF_pred 0.0006; AUROC: 1.0; AUPRC: 1.0; pAUC: 1.0
Epoch 400 : base_loss 0.0001; sparsity 0.5708; smoothness 0.0038; CF_pred 0.0005; AUROC: 1.0; AUPRC: 1.0; pAUC: 1.0
Epoch 500 : base_loss 0.0001; sparsity 0.5713; smoothness 0.0038; CF_pred 0.0004; AUROC: 1.0; AUPRC: 1.0; pAUC: 1.0
Dataset #7; Acc.: 1.0; Bal. Acc.: 1.0; AUROC: 1.0; AUPRC: 1.0; pAUC: 1.0; RMSE: 0.0086; coeff.: 0.0083
predicted:[[0.01553169 0.00645975 0.0343271  0.0081986 ]
 [0.01105204 0.04309503 0.02094018 0.04586003]
 [0.00043559 0.00038427 0.00034869 0.00036401]
 [0.01688917 0.0354542  0.04132757 0.01096143]
 [0.0136763  0.0119366  0.03073264 0.03445586]]
ground truth:[[0 0 1 0]
 [0 1 0 1]
 [0 0 0 0]
 [0 1 1 0]
 [0 0 1 1]]
Epoch 0 : base_loss 0.0114; sparsity 0.9134; smoothness 0.004; CF_pred 0.0; AUROC: 0.62; AUPRC: 0.562; pAUC: 0.4737
Epoch 100 : base_loss 0.0002; sparsity 0.8355; smoothness 0.0037; CF_pred 0.0; AUROC: 0.96; AUPRC: 0.9573; pAUC: 0.7895
Epoch 200 : base_loss 0.0001; sparsity 0.8295; smoothness 0.0037; CF_pred 0.0; AUROC: 1.0; AUPRC: 1.0; pAUC: 1.0
Epoch 300 : base_loss 0.0001; sparsity 0.8273; smoothness 0.0037; CF_pred 0.0; AUROC: 1.0; AUPRC: 1.0; pAUC: 1.0
Epoch 400 : base_loss 0.0001; sparsity 0.826; smoothness 0.0037; CF_pred 0.0; AUROC: 1.0; AUPRC: 1.0; pAUC: 1.0
Epoch 500 : base_loss 0.0001; sparsity 0.8252; smoothness 0.0037; CF_pred 0.0; AUROC: 1.0; AUPRC: 1.0; pAUC: 1.0
Dataset #8; Acc.: 1.0; Bal. Acc.: 1.0; AUROC: 1.0; AUPRC: 1.0; pAUC: 1.0; RMSE: 0.0074; coeff.: 0.0121
predicted:[[0.02378735 0.01104343 0.01340078 0.05742536]
 [0.00808956 0.04586892 0.01346508 0.05353968]
 [0.06185634 0.03042841 0.02406837 0.05960457]
 [0.00406246 0.03550018 0.03444603 0.00702043]
 [0.03270127 0.03126781 0.01962277 0.04169742]]
ground truth:[[0 0 0 1]
 [0 1 0 1]
 [1 0 0 1]
 [0 1 1 0]
 [1 1 0 1]]
Epoch 0 : base_loss 0.016; sparsity 0.9501; smoothness 0.0073; CF_pred 0.0545; AUROC: 0.5781; AUPRC: 0.3333; pAUC: 0.4737
Epoch 100 : base_loss 0.0009; sparsity 0.3771; smoothness 0.0037; CF_pred 0.0081; AUROC: 0.8438; AUPRC: 0.8214; pAUC: 0.8684
Epoch 200 : base_loss 0.0005; sparsity 0.3373; smoothness 0.0034; CF_pred 0.0025; AUROC: 0.9844; AUPRC: 0.95; pAUC: 0.9178
Epoch 300 : base_loss 0.0005; sparsity 0.3317; smoothness 0.0033; CF_pred 0.0015; AUROC: 1.0; AUPRC: 1.0; pAUC: 1.0
Epoch 400 : base_loss 0.0004; sparsity 0.3302; smoothness 0.0033; CF_pred 0.0012; AUROC: 1.0; AUPRC: 1.0; pAUC: 1.0
Epoch 500 : base_loss 0.0004; sparsity 0.3296; smoothness 0.0033; CF_pred 0.0011; AUROC: 1.0; AUPRC: 1.0; pAUC: 1.0
Dataset #9; Acc.: 0.9; Bal. Acc.: 0.75; AUROC: 1.0; AUPRC: 1.0; pAUC: 1.0; RMSE: 0.0202; coeff.: 0.0047
predicted:[[0.00113865 0.00075192 0.00059086 0.00081093]
 [0.00318346 0.02046015 0.00686007 0.00767407]
 [0.0034542  0.02601606 0.00157997 0.00270909]
 [0.00699457 0.01436491 0.05553862 0.00581683]
 [0.01225967 0.01168675 0.03568688 0.01129651]]
ground truth:[[0 0 0 0]
 [0 1 0 0]
 [0 1 0 0]
 [0 0 1 0]
 [0 0 1 0]]
Epoch 0 : base_loss 0.0104; sparsity 0.9253; smoothness 0.0076; CF_pred 0.0815; AUROC: 0.5595; AUPRC: 0.399; pAUC: 0.4987
Epoch 100 : base_loss 0.0003; sparsity 0.4939; smoothness 0.0048; CF_pred 0.0127; AUROC: 1.0; AUPRC: 1.0; pAUC: 1.0
Epoch 200 : base_loss 0.0001; sparsity 0.4534; smoothness 0.0044; CF_pred 0.0048; AUROC: 1.0; AUPRC: 1.0; pAUC: 1.0
Epoch 300 : base_loss 0.0001; sparsity 0.4435; smoothness 0.0043; CF_pred 0.0029; AUROC: 1.0; AUPRC: 1.0; pAUC: 1.0
Epoch 400 : base_loss 0.0; sparsity 0.4398; smoothness 0.0043; CF_pred 0.0023; AUROC: 1.0; AUPRC: 1.0; pAUC: 1.0
Epoch 500 : base_loss 0.0; sparsity 0.4382; smoothness 0.0043; CF_pred 0.002; AUROC: 1.0; AUPRC: 1.0; pAUC: 1.0
Dataset #10; Acc.: 1.0; Bal. Acc.: 1.0; AUROC: 1.0; AUPRC: 1.0; pAUC: 1.0; RMSE: 0.0059; coeff.: 0.0064
predicted:[[0.05283264 0.04099122 0.05289771 0.0101259 ]
 [0.00057367 0.00072368 0.00036224 0.00063405]
 [0.00855691 0.0416796  0.00702562 0.00578059]
 [0.04142601 0.03479106 0.01731228 0.00841087]
 [0.00104193 0.00097412 0.00130948 0.00086066]]
ground truth:[[1 1 1 0]
 [0 0 0 0]
 [0 1 0 0]
 [1 1 0 0]
 [0 0 0 0]]

Acc.         :0.925
Bal. Acc.    :0.9015737734487734
AUROC        :0.9715638528138528
AUPRC        :0.9291895642937309
pAUC        :0.867979608111187
RMSE        :0.008605006332324475
coeff.         :0.00845830887556076
 computation time: 115.981 (+/-) 4.115
./weights/kuramoto_gvar_10/_TEST_CF_pred_self best λ = [0.]; β = [0.]; γ = [10.]
 RMSE, mean_coeffs: [0.009] $\pm$ [0.004] & [0.008] $\pm$ [0.003] 
Acc, BA, AUC, AUPRC: [0.925] $\pm$ [0.075] & [0.902] $\pm$ [0.098] & [0.972] $\pm$ [0.036] & [0.929] $\pm$ [0.093] 
--Return--
> /work4/fujii/work/ABM/experimental_utils.py(355)run_grid_search()->None
-> import pdb; pdb.set_trace()
(Pdb) 
Traceback (most recent call last):
  File "run_grid_search.py", line 482, in <module>
    index_None = index_None_te, args_list = args_list_te)
  File "/work4/fujii/work/ABM/experimental_utils.py", line 355, in run_grid_search
    import pdb; pdb.set_trace()
  File "/usr/lib64/python3.6/bdb.py", line 55, in trace_dispatch
    return self.dispatch_return(frame, arg)
  File "/usr/lib64/python3.6/bdb.py", line 99, in dispatch_return
    if self.quitting: raise BdbQuit
bdb.BdbQuit
/work4/fujii/virtualenvs/cause/lib/python3.6/site-packages/sklearn/metrics/_classification.py:1221: UndefinedMetricWarning: Recall is ill-defined and being set to 0.0 due to no true samples. Use `zero_division` parameter to control this behavior.
  _warn_prf(average, modifier, msg_start, len(result))
/work4/fujii/virtualenvs/cause/lib/python3.6/site-packages/sklearn/metrics/_classification.py:1814: UserWarning: y_pred contains classes not in y_true
  warnings.warn('y_pred contains classes not in y_true')
/work4/fujii/virtualenvs/cause/lib/python3.6/site-packages/sklearn/metrics/_classification.py:1221: UndefinedMetricWarning: Recall is ill-defined and being set to 0.0 due to no true samples. Use `zero_division` parameter to control this behavior.
  _warn_prf(average, modifier, msg_start, len(result))
/work4/fujii/virtualenvs/cause/lib/python3.6/site-packages/sklearn/metrics/_classification.py:1814: UserWarning: y_pred contains classes not in y_true
  warnings.warn('y_pred contains classes not in y_true')
/work4/fujii/virtualenvs/cause/lib/python3.6/site-packages/sklearn/metrics/_classification.py:1221: UndefinedMetricWarning: Precision is ill-defined and being set to 0.0 due to no predicted samples. Use `zero_division` parameter to control this behavior.
  _warn_prf(average, modifier, msg_start, len(result))
/work4/fujii/virtualenvs/cause/lib/python3.6/site-packages/sklearn/metrics/_classification.py:1221: UndefinedMetricWarning: Precision is ill-defined and being set to 0.0 due to no predicted samples. Use `zero_division` parameter to control this behavior.
  _warn_prf(average, modifier, msg_start, len(result))
/work4/fujii/virtualenvs/cause/lib/python3.6/site-packages/sklearn/metrics/_classification.py:1221: UndefinedMetricWarning: Precision is ill-defined and being set to 0.0 due to no predicted samples. Use `zero_division` parameter to control this behavior.
  _warn_prf(average, modifier, msg_start, len(result))
boid5_bat datasets...
p = 5, T = 200 
lambdas: [1.]
betas: [0.025]
gammas: [0.]
Model:           GVAR...
Iterating through 1 x 1 grid of parameters...
λ = 1.0; β = 0.025; γ = 0.0; progress: 0.0
Epoch 0 : base_loss 0.6713; sparsity 0.1946; smoothness 0.0197; CF_pred 0.0; AUROC: 0.16; AUPRC: 0.1804; pAUC: 0.4737
Epoch 100 : base_loss 0.1699; sparsity 0.1792; smoothness 0.0203; CF_pred 0.0; AUROC: 0.4667; AUPRC: 0.2608; pAUC: 0.4737
Epoch 200 : base_loss 0.0588; sparsity 0.1739; smoothness 0.0216; CF_pred 0.0; AUROC: 0.4667; AUPRC: 0.2576; pAUC: 0.4737
Epoch 300 : base_loss 0.0323; sparsity 0.1666; smoothness 0.0219; CF_pred 0.0; AUROC: 0.4667; AUPRC: 0.2604; pAUC: 0.4737
Epoch 400 : base_loss 0.0235; sparsity 0.1606; smoothness 0.022; CF_pred 0.0; AUROC: 0.48; AUPRC: 0.2631; pAUC: 0.4737
Epoch 500 : base_loss 0.0196; sparsity 0.1566; smoothness 0.022; CF_pred 0.0; AUROC: 0.4933; AUPRC: 0.2667; pAUC: 0.4737
Epoch 0 : base_loss 0.5997; sparsity 0.1926; smoothness 0.0229; CF_pred 0.0; AUROC: 0.6667; AUPRC: 0.4193; pAUC: 0.4737
Epoch 100 : base_loss 0.1174; sparsity 0.1743; smoothness 0.0248; CF_pred 0.0; AUROC: 0.72; AUPRC: 0.429; pAUC: 0.5088
Epoch 200 : base_loss 0.0285; sparsity 0.165; smoothness 0.0261; CF_pred 0.0; AUROC: 0.68; AUPRC: 0.3676; pAUC: 0.4737
Epoch 300 : base_loss 0.0145; sparsity 0.1545; smoothness 0.026; CF_pred 0.0; AUROC: 0.68; AUPRC: 0.3619; pAUC: 0.4737
Epoch 400 : base_loss 0.0108; sparsity 0.147; smoothness 0.0258; CF_pred 0.0; AUROC: 0.6933; AUPRC: 0.371; pAUC: 0.4737
Epoch 500 : base_loss 0.0094; sparsity 0.1423; smoothness 0.0257; CF_pred 0.0; AUROC: 0.6933; AUPRC: 0.371; pAUC: 0.4737
Max. stab. = 0.608, at α = 0.894736842105263
Dataset #1; Acc.: 0.6; Bal. Acc.: 0.4; AUROC: 0.4933; AUPRC: 0.2667; pAUC: 0.4737; RMSE: 0.1402; coeff.: 0.0744
signed structures #1; Bal.Acc_pos: 0.9; Bal.Acc_neg: 0.4667
predicted:[[ 0.34917904 -0.3332169  -0.23640093  0.29136005]
 [ 0.20932533  0.53119823  0.27999022  0.40175418]
 [-0.32133401  0.28622771  0.37589432  0.27225741]
 [-0.41094518 -0.29283186 -0.32824638  0.48376962]
 [ 0.32882763 -0.24947472 -0.22158831 -0.32809586]]
ground truth:[[ 0. -1.  0. -1.]
 [ 0.  0.  0.  0.]
 [-1.  0.  0.  0.]
 [ 0. -1.  0.  0.]
 [ 0.  0.  0. -1.]]
Epoch 0 : base_loss 0.3581; sparsity 0.1846; smoothness 0.0237; CF_pred 0.0; AUROC: 0.5781; AUPRC: 0.3324; pAUC: 0.523
Epoch 100 : base_loss 0.0556; sparsity 0.1694; smoothness 0.0242; CF_pred 0.0; AUROC: 0.3594; AUPRC: 0.1856; pAUC: 0.4737
Epoch 200 : base_loss 0.0254; sparsity 0.1539; smoothness 0.0241; CF_pred 0.0; AUROC: 0.3125; AUPRC: 0.177; pAUC: 0.4737
Epoch 300 : base_loss 0.0176; sparsity 0.1421; smoothness 0.0239; CF_pred 0.0; AUROC: 0.2812; AUPRC: 0.1809; pAUC: 0.4737
Epoch 400 : base_loss 0.0146; sparsity 0.1345; smoothness 0.0238; CF_pred 0.0; AUROC: 0.2969; AUPRC: 0.1934; pAUC: 0.4737
Epoch 500 : base_loss 0.0132; sparsity 0.1297; smoothness 0.0238; CF_pred 0.0; AUROC: 0.2969; AUPRC: 0.1934; pAUC: 0.4737
Epoch 0 : base_loss 0.3218; sparsity 0.1821; smoothness 0.0236; CF_pred 0.0; AUROC: 0.4844; AUPRC: 0.2431; pAUC: 0.4737
Epoch 100 : base_loss 0.0656; sparsity 0.1677; smoothness 0.0241; CF_pred 0.0; AUROC: 0.4531; AUPRC: 0.2127; pAUC: 0.4737
Epoch 200 : base_loss 0.0342; sparsity 0.1508; smoothness 0.0243; CF_pred 0.0; AUROC: 0.4375; AUPRC: 0.2205; pAUC: 0.4737
Epoch 300 : base_loss 0.0242; sparsity 0.1392; smoothness 0.0243; CF_pred 0.0; AUROC: 0.4219; AUPRC: 0.2167; pAUC: 0.4737
Epoch 400 : base_loss 0.0198; sparsity 0.1319; smoothness 0.0242; CF_pred 0.0; AUROC: 0.4375; AUPRC: 0.2207; pAUC: 0.4737
Epoch 500 : base_loss 0.0176; sparsity 0.1274; smoothness 0.0242; CF_pred 0.0; AUROC: 0.4375; AUPRC: 0.2207; pAUC: 0.4737
Max. stab. = 0.596, at α = 0.47368421052631576
Dataset #2; Acc.: 0.35; Bal. Acc.: 0.3125; AUROC: 0.2969; AUPRC: 0.1934; pAUC: 0.4737; RMSE: 0.1149; coeff.: 0.062
signed structures #2; Bal.Acc_pos: 0.25; Bal.Acc_neg: 0.85
predicted:[[-0.24062569  0.39582584  0.31332111 -0.25530017]
 [-0.30833491  0.42154306  0.16066206 -0.22246807]
 [-0.19548415  0.31903535  0.2481047   0.30685701]
 [ 0.35862135 -0.30976949  0.26648797  0.30058748]
 [-0.32289698  0.29282503 -0.26843695  0.3120602 ]]
ground truth:[[1. 0. 0. 0.]
 [0. 0. 0. 1.]
 [0. 0. 1. 0.]
 [0. 0. 0. 0.]
 [1. 0. 0. 0.]]
Epoch 0 : base_loss 0.6141; sparsity 0.1861; smoothness 0.0204; CF_pred 0.0; AUROC: 0.4902; AUPRC: 0.2026; pAUC: 0.4737
Epoch 100 : base_loss 0.1031; sparsity 0.1823; smoothness 0.0204; CF_pred 0.0; AUROC: 0.4314; AUPRC: 0.1654; pAUC: 0.4737
Epoch 200 : base_loss 0.0365; sparsity 0.1729; smoothness 0.0211; CF_pred 0.0; AUROC: 0.4314; AUPRC: 0.164; pAUC: 0.4737
Epoch 300 : base_loss 0.0248; sparsity 0.1624; smoothness 0.0209; CF_pred 0.0; AUROC: 0.4706; AUPRC: 0.1778; pAUC: 0.4737
Epoch 400 : base_loss 0.0208; sparsity 0.1551; smoothness 0.0207; CF_pred 0.0; AUROC: 0.4902; AUPRC: 0.1828; pAUC: 0.4737
Epoch 500 : base_loss 0.0189; sparsity 0.1505; smoothness 0.0206; CF_pred 0.0; AUROC: 0.4706; AUPRC: 0.1787; pAUC: 0.4737
Epoch 0 : base_loss 0.6382; sparsity 0.1911; smoothness 0.0223; CF_pred 0.0; AUROC: 0.4314; AUPRC: 0.2167; pAUC: 0.4737
Epoch 100 : base_loss 0.0838; sparsity 0.1797; smoothness 0.0234; CF_pred 0.0; AUROC: 0.7451; AUPRC: 0.3167; pAUC: 0.4737
Epoch 200 : base_loss 0.0315; sparsity 0.1662; smoothness 0.0236; CF_pred 0.0; AUROC: 0.5294; AUPRC: 0.2103; pAUC: 0.4737
Epoch 300 : base_loss 0.0218; sparsity 0.1537; smoothness 0.0231; CF_pred 0.0; AUROC: 0.5098; AUPRC: 0.206; pAUC: 0.4737
Epoch 400 : base_loss 0.0179; sparsity 0.1456; smoothness 0.0228; CF_pred 0.0; AUROC: 0.5098; AUPRC: 0.206; pAUC: 0.4737
Epoch 500 : base_loss 0.0159; sparsity 0.1406; smoothness 0.0225; CF_pred 0.0; AUROC: 0.5098; AUPRC: 0.206; pAUC: 0.4737
Max. stab. = 0.722, at α = 0.10526315789473684
Dataset #3; Acc.: 0.25; Bal. Acc.: 0.5588; AUROC: 0.4706; AUPRC: 0.1787; pAUC: 0.4737; RMSE: 0.1376; coeff.: 0.0717
signed structures #3; Bal.Acc_pos: 0.8333; Bal.Acc_neg: 0.7632
predicted:[[-0.33277765 -0.31511123 -0.25718269 -0.40198388]
 [ 0.28579102  0.40599323 -0.32855647 -0.31064869]
 [-0.29800962  0.28626995  0.30795246 -0.28716996]
 [-0.37520224 -0.24269753  0.46547927  0.32604439]
 [ 0.23635045  0.29395415 -0.34930085  0.27952866]]
ground truth:[[-1.  0.  0.  0.]
 [ 1.  0.  0.  0.]
 [ 0.  0.  1.  0.]
 [ 0.  0.  0.  0.]
 [ 0.  0.  0.  0.]]
Epoch 0 : base_loss 0.6382; sparsity 0.174; smoothness 0.0204; CF_pred 0.0; AUROC: 0.404; AUPRC: 0.4174; pAUC: 0.4737
Epoch 100 : base_loss 0.1545; sparsity 0.1655; smoothness 0.022; CF_pred 0.0; AUROC: 0.404; AUPRC: 0.4333; pAUC: 0.4737
Epoch 200 : base_loss 0.0582; sparsity 0.1594; smoothness 0.0233; CF_pred 0.0; AUROC: 0.2929; AUPRC: 0.371; pAUC: 0.4737
Epoch 300 : base_loss 0.0352; sparsity 0.1515; smoothness 0.0235; CF_pred 0.0; AUROC: 0.2929; AUPRC: 0.371; pAUC: 0.4737
Epoch 400 : base_loss 0.0268; sparsity 0.1457; smoothness 0.0234; CF_pred 0.0; AUROC: 0.2929; AUPRC: 0.3685; pAUC: 0.4737
Epoch 500 : base_loss 0.0229; sparsity 0.1419; smoothness 0.0233; CF_pred 0.0; AUROC: 0.2828; AUPRC: 0.363; pAUC: 0.4737
Epoch 0 : base_loss 0.7977; sparsity 0.2047; smoothness 0.0238; CF_pred 0.0; AUROC: 0.1717; AUPRC: 0.3278; pAUC: 0.4737
Epoch 100 : base_loss 0.1296; sparsity 0.1878; smoothness 0.0246; CF_pred 0.0; AUROC: 0.2323; AUPRC: 0.3872; pAUC: 0.479
Epoch 200 : base_loss 0.05; sparsity 0.1753; smoothness 0.025; CF_pred 0.0; AUROC: 0.3131; AUPRC: 0.4142; pAUC: 0.479
Epoch 300 : base_loss 0.0329; sparsity 0.1644; smoothness 0.0247; CF_pred 0.0; AUROC: 0.3232; AUPRC: 0.4223; pAUC: 0.479
Epoch 400 : base_loss 0.0263; sparsity 0.1574; smoothness 0.0245; CF_pred 0.0; AUROC: 0.3434; AUPRC: 0.4273; pAUC: 0.479
Epoch 500 : base_loss 0.023; sparsity 0.1529; smoothness 0.0243; CF_pred 0.0; AUROC: 0.3333; AUPRC: 0.4194; pAUC: 0.479
Max. stab. = 1.0, at α = 0.05263157894736842
Dataset #4; Acc.: 0.4; Bal. Acc.: 0.4444; AUROC: 0.2828; AUPRC: 0.363; pAUC: 0.4737; RMSE: 0.1514; coeff.: 0.0671
signed structures #4; Bal.Acc_pos: 0.2812; Bal.Acc_neg: 0.5333
predicted:[[ 0.29667502 -0.22851824 -0.26777195  0.32583813]
 [ 0.36751905  0.37140886 -0.32341594 -0.21546694]
 [ 0.34317672  0.24646372  0.41552793  0.35674816]
 [-0.34693689  0.29321352  0.24904117 -0.34652258]
 [-0.38428014  0.30644002 -0.2590722   0.30861015]]
ground truth:[[ 0.  1.  1.  0.]
 [ 0.  0. -1. -1.]
 [ 1.  0.  0.  0.]
 [ 1. -1. -1. -1.]
 [ 0.  0.  0.  0.]]
Epoch 0 : base_loss 0.3572; sparsity 0.179; smoothness 0.0208; CF_pred 0.0; AUROC: 0.5312; AUPRC: 0.5013; pAUC: 0.5395
Epoch 100 : base_loss 0.0658; sparsity 0.171; smoothness 0.022; CF_pred 0.0; AUROC: 0.5729; AUPRC: 0.4624; pAUC: 0.4846
Epoch 200 : base_loss 0.0283; sparsity 0.1563; smoothness 0.0222; CF_pred 0.0; AUROC: 0.6354; AUPRC: 0.4991; pAUC: 0.4846
Epoch 300 : base_loss 0.0185; sparsity 0.1451; smoothness 0.022; CF_pred 0.0; AUROC: 0.6562; AUPRC: 0.5084; pAUC: 0.4846
Epoch 400 : base_loss 0.0148; sparsity 0.1379; smoothness 0.0219; CF_pred 0.0; AUROC: 0.6667; AUPRC: 0.5174; pAUC: 0.4846
Epoch 500 : base_loss 0.013; sparsity 0.1334; smoothness 0.0219; CF_pred 0.0; AUROC: 0.6458; AUPRC: 0.5069; pAUC: 0.4846
Epoch 0 : base_loss 0.4757; sparsity 0.181; smoothness 0.0217; CF_pred 0.0; AUROC: 0.5417; AUPRC: 0.4672; pAUC: 0.4846
Epoch 100 : base_loss 0.0983; sparsity 0.1681; smoothness 0.0219; CF_pred 0.0; AUROC: 0.5938; AUPRC: 0.523; pAUC: 0.5066
Epoch 200 : base_loss 0.0406; sparsity 0.1568; smoothness 0.0224; CF_pred 0.0; AUROC: 0.6146; AUPRC: 0.5213; pAUC: 0.4956
Epoch 300 : base_loss 0.0254; sparsity 0.1472; smoothness 0.0225; CF_pred 0.0; AUROC: 0.6354; AUPRC: 0.5574; pAUC: 0.5066
Epoch 400 : base_loss 0.0196; sparsity 0.1406; smoothness 0.0224; CF_pred 0.0; AUROC: 0.625; AUPRC: 0.5666; pAUC: 0.5175
Epoch 500 : base_loss 0.0169; sparsity 0.1363; smoothness 0.0223; CF_pred 0.0; AUROC: 0.6354; AUPRC: 0.5723; pAUC: 0.5175
Max. stab. = 0.722, at α = 0.9473684210526315
Dataset #5; Acc.: 0.6; Bal. Acc.: 0.5208; AUROC: 0.6458; AUPRC: 0.5069; pAUC: 0.4846; RMSE: 0.1139; coeff.: 0.0633
signed structures #5; Bal.Acc_pos: 0.5938; Bal.Acc_neg: 0.5
predicted:[[ 0.37944497 -0.28751183  0.2307548  -0.21792945]
 [ 0.20117446  0.37259493 -0.24991211 -0.25035673]
 [ 0.1934719  -0.19289535  0.39600165  0.42101465]
 [ 0.28629627 -0.28069511 -0.33606854 -0.32151432]
 [-0.34736104  0.32195176 -0.24936688 -0.20270761]]
ground truth:[[ 0.  0.  0. -1.]
 [ 0.  0. -1.  0.]
 [ 0.  0.  1.  0.]
 [-1. -1.  1.  0.]
 [ 1.  1.  0.  0.]]
Epoch 0 : base_loss 0.5053; sparsity 0.1834; smoothness 0.0217; CF_pred 0.0; AUROC: 0.3867; AUPRC: 0.2632; pAUC: 0.4737
Epoch 100 : base_loss 0.1124; sparsity 0.1643; smoothness 0.023; CF_pred 0.0; AUROC: 0.1867; AUPRC: 0.1855; pAUC: 0.4737
Epoch 200 : base_loss 0.0401; sparsity 0.156; smoothness 0.0241; CF_pred 0.0; AUROC: 0.1467; AUPRC: 0.1785; pAUC: 0.4737
Epoch 300 : base_loss 0.0247; sparsity 0.1476; smoothness 0.0243; CF_pred 0.0; AUROC: 0.1733; AUPRC: 0.1845; pAUC: 0.4737
Epoch 400 : base_loss 0.0196; sparsity 0.1416; smoothness 0.0242; CF_pred 0.0; AUROC: 0.1867; AUPRC: 0.1867; pAUC: 0.4737
Epoch 500 : base_loss 0.0173; sparsity 0.1378; smoothness 0.0241; CF_pred 0.0; AUROC: 0.2; AUPRC: 0.1893; pAUC: 0.4737
Epoch 0 : base_loss 0.4069; sparsity 0.1862; smoothness 0.0227; CF_pred 0.0; AUROC: 0.52; AUPRC: 0.2816; pAUC: 0.4737
Epoch 100 : base_loss 0.0751; sparsity 0.1684; smoothness 0.0234; CF_pred 0.0; AUROC: 0.6933; AUPRC: 0.3706; pAUC: 0.4737
Epoch 200 : base_loss 0.0309; sparsity 0.152; smoothness 0.0239; CF_pred 0.0; AUROC: 0.7733; AUPRC: 0.5103; pAUC: 0.5439
Epoch 300 : base_loss 0.021; sparsity 0.1399; smoothness 0.0238; CF_pred 0.0; AUROC: 0.7467; AUPRC: 0.4657; pAUC: 0.5088
Epoch 400 : base_loss 0.0174; sparsity 0.1323; smoothness 0.0237; CF_pred 0.0; AUROC: 0.7067; AUPRC: 0.4314; pAUC: 0.5088
Epoch 500 : base_loss 0.0157; sparsity 0.1277; smoothness 0.0235; CF_pred 0.0; AUROC: 0.7067; AUPRC: 0.4314; pAUC: 0.5088
Max. stab. = 0.722, at α = 0.10526315789473684
Dataset #6; Acc.: 0.15; Bal. Acc.: 0.3; AUROC: 0.2; AUPRC: 0.1893; pAUC: 0.4737; RMSE: 0.1316; coeff.: 0.0656
signed structures #6; Bal.Acc_pos: 0.5; Bal.Acc_neg: 0.6569
predicted:[[ 0.24537386 -0.1878515   0.29247363 -0.32246009]
 [ 0.23083572  0.19327417 -0.29019106 -0.23997244]
 [ 0.22021666 -0.26638334  0.39508672  0.26129281]
 [-0.29975183  0.34965554 -0.29824314  0.34456577]
 [ 0.23435631 -0.2648588  -0.39712676  0.34975723]]
ground truth:[[ 0. -1.  0.  0.]
 [ 1.  1.  0.  0.]
 [ 0.  0.  0.  0.]
 [-1.  0.  0.  0.]
 [ 0. -1.  0.  0.]]
Epoch 0 : base_loss 0.7241; sparsity 0.175; smoothness 0.0205; CF_pred 0.0; AUROC: 0.56; AUPRC: 0.6054; pAUC: 0.5263
Epoch 100 : base_loss 0.1412; sparsity 0.1681; smoothness 0.0214; CF_pred 0.0; AUROC: 0.36; AUPRC: 0.4316; pAUC: 0.4737
Epoch 200 : base_loss 0.0429; sparsity 0.1638; smoothness 0.0225; CF_pred 0.0; AUROC: 0.29; AUPRC: 0.4045; pAUC: 0.4737
Epoch 300 : base_loss 0.0231; sparsity 0.1564; smoothness 0.0226; CF_pred 0.0; AUROC: 0.38; AUPRC: 0.4534; pAUC: 0.4737
Epoch 400 : base_loss 0.0167; sparsity 0.1508; smoothness 0.0225; CF_pred 0.0; AUROC: 0.41; AUPRC: 0.4684; pAUC: 0.4737
Epoch 500 : base_loss 0.014; sparsity 0.147; smoothness 0.0224; CF_pred 0.0; AUROC: 0.41; AUPRC: 0.4684; pAUC: 0.4737
Epoch 0 : base_loss 0.705; sparsity 0.182; smoothness 0.0205; CF_pred 0.0; AUROC: 0.49; AUPRC: 0.5405; pAUC: 0.4737
Epoch 100 : base_loss 0.1297; sparsity 0.1743; smoothness 0.0216; CF_pred 0.0; AUROC: 0.51; AUPRC: 0.5847; pAUC: 0.5263
Epoch 200 : base_loss 0.0351; sparsity 0.1704; smoothness 0.0227; CF_pred 0.0; AUROC: 0.5; AUPRC: 0.5701; pAUC: 0.5263
Epoch 300 : base_loss 0.0179; sparsity 0.1622; smoothness 0.0227; CF_pred 0.0; AUROC: 0.48; AUPRC: 0.5588; pAUC: 0.5263
Epoch 400 : base_loss 0.013; sparsity 0.1559; smoothness 0.0226; CF_pred 0.0; AUROC: 0.5; AUPRC: 0.5677; pAUC: 0.5263
Epoch 500 : base_loss 0.011; sparsity 0.1518; smoothness 0.0225; CF_pred 0.0; AUROC: 0.53; AUPRC: 0.589; pAUC: 0.5263
Max. stab. = 0.733, at α = 0.2631578947368421
Dataset #7; Acc.: 0.45; Bal. Acc.: 0.45; AUROC: 0.41; AUPRC: 0.4684; pAUC: 0.4737; RMSE: 0.1183; coeff.: 0.0702
signed structures #7; Bal.Acc_pos: 0.5357; Bal.Acc_neg: 0.4688
predicted:[[ 0.41533598 -0.43336832  0.29556647 -0.35113563]
 [ 0.2722578   0.3719635   0.18462915  0.29156547]
 [-0.32764688 -0.23840201  0.32347375 -0.28107244]
 [-0.30908318  0.37015433 -0.33628725  0.37010821]
 [-0.29904942  0.33046797  0.27723697  0.37559916]]
ground truth:[[ 0.  0.  0. -1.]
 [-1.  0.  0.  1.]
 [ 0.  1. -1.  0.]
 [ 0.  1.  0. -1.]
 [ 1.  0.  1.  1.]]
Epoch 0 : base_loss 0.6029; sparsity 0.1827; smoothness 0.0212; CF_pred 0.0; AUROC: 0.4643; AUPRC: 0.3336; pAUC: 0.4737
Epoch 100 : base_loss 0.0672; sparsity 0.181; smoothness 0.0211; CF_pred 0.0; AUROC: 0.381; AUPRC: 0.2781; pAUC: 0.4737
Epoch 200 : base_loss 0.0203; sparsity 0.1681; smoothness 0.0209; CF_pred 0.0; AUROC: 0.369; AUPRC: 0.2862; pAUC: 0.4737
Epoch 300 : base_loss 0.0138; sparsity 0.1561; smoothness 0.0206; CF_pred 0.0; AUROC: 0.3571; AUPRC: 0.2819; pAUC: 0.4737
Epoch 400 : base_loss 0.0115; sparsity 0.1486; smoothness 0.0203; CF_pred 0.0; AUROC: 0.3452; AUPRC: 0.2772; pAUC: 0.4737
Epoch 500 : base_loss 0.0105; sparsity 0.144; smoothness 0.0201; CF_pred 0.0; AUROC: 0.3452; AUPRC: 0.267; pAUC: 0.4737
Epoch 0 : base_loss 0.4594; sparsity 0.1855; smoothness 0.0223; CF_pred 0.0; AUROC: 0.381; AUPRC: 0.3132; pAUC: 0.4987
Epoch 100 : base_loss 0.0365; sparsity 0.1796; smoothness 0.0226; CF_pred 0.0; AUROC: 0.4881; AUPRC: 0.4092; pAUC: 0.5238
Epoch 200 : base_loss 0.0129; sparsity 0.1632; smoothness 0.0223; CF_pred 0.0; AUROC: 0.5357; AUPRC: 0.4447; pAUC: 0.5238
Epoch 300 : base_loss 0.0093; sparsity 0.1509; smoothness 0.022; CF_pred 0.0; AUROC: 0.5595; AUPRC: 0.4541; pAUC: 0.5238
Epoch 400 : base_loss 0.008; sparsity 0.1432; smoothness 0.0217; CF_pred 0.0; AUROC: 0.5595; AUPRC: 0.4541; pAUC: 0.5238
Epoch 500 : base_loss 0.0074; sparsity 0.1385; smoothness 0.0216; CF_pred 0.0; AUROC: 0.5476; AUPRC: 0.4263; pAUC: 0.4987
Max. stab. = 0.608, at α = 0.894736842105263
Dataset #8; Acc.: 0.55; Bal. Acc.: 0.3929; AUROC: 0.3452; AUPRC: 0.267; pAUC: 0.4737; RMSE: 0.1024; coeff.: 0.0686
signed structures #8; Bal.Acc_pos: 0.4; Bal.Acc_neg: 0.5
predicted:[[ 0.22391536  0.35872211 -0.34061116  0.35582724]
 [-0.24316051  0.30208617  0.23285428 -0.19907796]
 [ 0.26744758  0.40405822  0.22601103  0.28431893]
 [ 0.37746805  0.33587364  0.29297971  0.34300068]
 [ 0.27012303  0.2721745   0.20791345  0.30192799]]
ground truth:[[ 0.  0.  0.  1.]
 [ 0.  0.  0.  1.]
 [ 0.  0.  1.  0.]
 [ 0.  0.  1.  0.]
 [-1.  1.  0.  0.]]
Epoch 0 : base_loss 0.5209; sparsity 0.1909; smoothness 0.0214; CF_pred 0.0; AUROC: 0.28; AUPRC: 0.4673; pAUC: 0.5263
Epoch 100 : base_loss 0.0857; sparsity 0.1749; smoothness 0.0224; CF_pred 0.0; AUROC: 0.32; AUPRC: 0.4201; pAUC: 0.4737
Epoch 200 : base_loss 0.0349; sparsity 0.1597; smoothness 0.0229; CF_pred 0.0; AUROC: 0.28; AUPRC: 0.4047; pAUC: 0.4737
Epoch 300 : base_loss 0.0247; sparsity 0.1477; smoothness 0.0227; CF_pred 0.0; AUROC: 0.24; AUPRC: 0.3957; pAUC: 0.4737
Epoch 400 : base_loss 0.0208; sparsity 0.14; smoothness 0.0225; CF_pred 0.0; AUROC: 0.23; AUPRC: 0.3884; pAUC: 0.4737
Epoch 500 : base_loss 0.0188; sparsity 0.1353; smoothness 0.0224; CF_pred 0.0; AUROC: 0.19; AUPRC: 0.3734; pAUC: 0.4737
Epoch 0 : base_loss 0.5758; sparsity 0.1647; smoothness 0.0207; CF_pred 0.0; AUROC: 0.66; AUPRC: 0.6914; pAUC: 0.5263
Epoch 100 : base_loss 0.0969; sparsity 0.1608; smoothness 0.0221; CF_pred 0.0; AUROC: 0.63; AUPRC: 0.5893; pAUC: 0.4737
Epoch 200 : base_loss 0.0383; sparsity 0.1546; smoothness 0.0229; CF_pred 0.0; AUROC: 0.59; AUPRC: 0.5896; pAUC: 0.5263
Epoch 300 : base_loss 0.0265; sparsity 0.1471; smoothness 0.0228; CF_pred 0.0; AUROC: 0.54; AUPRC: 0.5291; pAUC: 0.4737
Epoch 400 : base_loss 0.0221; sparsity 0.1417; smoothness 0.0226; CF_pred 0.0; AUROC: 0.55; AUPRC: 0.5374; pAUC: 0.4737
Epoch 500 : base_loss 0.0201; sparsity 0.1382; smoothness 0.0225; CF_pred 0.0; AUROC: 0.53; AUPRC: 0.5292; pAUC: 0.4737
Max. stab. = 1.0, at α = 1.0
Dataset #9; Acc.: 0.45; Bal. Acc.: 0.45; AUROC: 0.19; AUPRC: 0.3734; pAUC: 0.4737; RMSE: 0.1373; coeff.: 0.0644
signed structures #9; Bal.Acc_pos: 0.4643; Bal.Acc_neg: 0.5
predicted:[[ 0.32194949  0.22572776  0.33282101  0.29194291]
 [-0.42557576  0.29222037 -0.25131452  0.29314112]
 [ 0.3399084   0.45888132  0.32094009  0.22322624]
 [-0.24403948 -0.27742847  0.25937169  0.30906384]
 [ 0.23270621  0.2492288   0.34509879  0.20868407]]
ground truth:[[-1. -1.  0.  0.]
 [ 0.  0.  0.  1.]
 [ 0.  0.  1.  1.]
 [ 0. -1.  1.  0.]
 [ 1. -1.  0.  1.]]
Epoch 0 : base_loss 0.6066; sparsity 0.1792; smoothness 0.0216; CF_pred 0.0; AUROC: 0.5253; AUPRC: 0.5136; pAUC: 0.479
Epoch 100 : base_loss 0.1483; sparsity 0.1712; smoothness 0.0219; CF_pred 0.0; AUROC: 0.4949; AUPRC: 0.449; pAUC: 0.4737
Epoch 200 : base_loss 0.0529; sparsity 0.1669; smoothness 0.0228; CF_pred 0.0; AUROC: 0.4848; AUPRC: 0.4427; pAUC: 0.4737
Epoch 300 : base_loss 0.0299; sparsity 0.1596; smoothness 0.023; CF_pred 0.0; AUROC: 0.5051; AUPRC: 0.4484; pAUC: 0.4737
Epoch 400 : base_loss 0.0226; sparsity 0.1538; smoothness 0.023; CF_pred 0.0; AUROC: 0.5455; AUPRC: 0.4743; pAUC: 0.4737
Epoch 500 : base_loss 0.0194; sparsity 0.15; smoothness 0.0229; CF_pred 0.0; AUROC: 0.5354; AUPRC: 0.4663; pAUC: 0.4737
Epoch 0 : base_loss 0.3867; sparsity 0.1933; smoothness 0.0222; CF_pred 0.0; AUROC: 0.4949; AUPRC: 0.5248; pAUC: 0.4896
Epoch 100 : base_loss 0.064; sparsity 0.1822; smoothness 0.023; CF_pred 0.0; AUROC: 0.5152; AUPRC: 0.4875; pAUC: 0.479
Epoch 200 : base_loss 0.0247; sparsity 0.1655; smoothness 0.0232; CF_pred 0.0; AUROC: 0.4747; AUPRC: 0.4621; pAUC: 0.4737
Epoch 300 : base_loss 0.0163; sparsity 0.152; smoothness 0.0229; CF_pred 0.0; AUROC: 0.4646; AUPRC: 0.4652; pAUC: 0.4737
Epoch 400 : base_loss 0.013; sparsity 0.1434; smoothness 0.0228; CF_pred 0.0; AUROC: 0.4444; AUPRC: 0.4554; pAUC: 0.4737
Epoch 500 : base_loss 0.0114; sparsity 0.1381; smoothness 0.0227; CF_pred 0.0; AUROC: 0.4444; AUPRC: 0.4531; pAUC: 0.4737
Max. stab. = 0.844, at α = 0.21052631578947367
Dataset #10; Acc.: 0.55; Bal. Acc.: 0.5808; AUROC: 0.5354; AUPRC: 0.4663; pAUC: 0.4737; RMSE: 0.1394; coeff.: 0.0714
signed structures #10; Bal.Acc_pos: 0.4804; Bal.Acc_neg: 0.5476
predicted:[[ 0.37208523  0.29247115  0.21260728  0.27587391]
 [ 0.29030043  0.33588453  0.2485401  -0.32911516]
 [ 0.33479989  0.39633017  0.44354129 -0.2272743 ]
 [ 0.31526557  0.33060627  0.29008575  0.23544109]
 [-0.31587889  0.22615838  0.32123644  0.27501001]]
ground truth:[[ 0.  1.  0.  1.]
 [-1. -1.  0.  1.]
 [-1.  0.  0.  0.]
 [-1.  0.  0.  0.]
 [-1. -1.  0.  0.]]

Acc.         :0.43500000000000005
Bal. Acc.    :0.44102665308547656
AUROC        :0.3870049815380698
AUPRC        :0.32731412481089983
pAUC        :0.47478070175438597
BA (pos.)    :0.5238725490196079
BA (neg.)    :0.5786389687453928
RMSE        :0.12868599044185572
coeff.         :0.06785863637924194
 computation time: 19.313 (+/-) 1.176
./weights/boid5_bat_gvar_10/_TEST_bidirection best λ = [1.]; β = [0.025]; γ = [0.]
 RMSE, mean_coeffs: [0.129] $\pm$ [0.015] & [0.068] $\pm$ [0.004] 
BA, AUPRC, BA_pos, BA_neg: [0.441] $\pm$ [0.09] & [0.327] $\pm$ [0.119] & [0.524] $\pm$ [0.199] & [0.579] $\pm$ [0.126] 
--Return--
> /work4/fujii/work/ABM/experimental_utils.py(355)run_grid_search()->None
-> import pdb; pdb.set_trace()
(Pdb) 
Traceback (most recent call last):
  File "run_grid_search.py", line 482, in <module>
    index_None = index_None_te, args_list = args_list_te)
  File "/work4/fujii/work/ABM/experimental_utils.py", line 355, in run_grid_search
    import pdb; pdb.set_trace()
  File "/usr/lib64/python3.6/bdb.py", line 55, in trace_dispatch
    return self.dispatch_return(frame, arg)
  File "/usr/lib64/python3.6/bdb.py", line 99, in dispatch_return
    if self.quitting: raise BdbQuit
bdb.BdbQuit
/work4/fujii/virtualenvs/cause/lib/python3.6/site-packages/sklearn/metrics/_classification.py:1221: UndefinedMetricWarning: Recall is ill-defined and being set to 0.0 due to no true samples. Use `zero_division` parameter to control this behavior.
  _warn_prf(average, modifier, msg_start, len(result))
/work4/fujii/virtualenvs/cause/lib/python3.6/site-packages/sklearn/metrics/_classification.py:1814: UserWarning: y_pred contains classes not in y_true
  warnings.warn('y_pred contains classes not in y_true')
/work4/fujii/virtualenvs/cause/lib/python3.6/site-packages/sklearn/metrics/_classification.py:1221: UndefinedMetricWarning: Recall is ill-defined and being set to 0.0 due to no true samples. Use `zero_division` parameter to control this behavior.
  _warn_prf(average, modifier, msg_start, len(result))
/work4/fujii/virtualenvs/cause/lib/python3.6/site-packages/sklearn/metrics/_classification.py:1814: UserWarning: y_pred contains classes not in y_true
  warnings.warn('y_pred contains classes not in y_true')
boid5_bat datasets...
p = 5, T = 200 
lambdas: [1.]
betas: [0.]
gammas: [1000.]
Model:           GVAR...
Iterating through 1 x 1 grid of parameters...
λ = 1.0; β = 0.0; γ = 1000.0; progress: 0.0
Epoch 0 : base_loss 0.5059; sparsity 0.0699; smoothness 0.0114; CF_pred 0.0327; AUROC: 0.88; AUPRC: 0.8714; pAUC: 0.8947
Epoch 100 : base_loss 0.4927; sparsity 0.0144; smoothness 0.0059; CF_pred 0.0046; AUROC: 0.9467; AUPRC: 0.9111; pAUC: 0.8947
Epoch 200 : base_loss 0.4836; sparsity 0.0067; smoothness 0.0055; CF_pred 0.0016; AUROC: 0.96; AUPRC: 0.925; pAUC: 0.8947
Epoch 300 : base_loss 0.4778; sparsity 0.0045; smoothness 0.0057; CF_pred 0.0009; AUROC: 0.96; AUPRC: 0.925; pAUC: 0.8947
Epoch 400 : base_loss 0.474; sparsity 0.0035; smoothness 0.006; CF_pred 0.0007; AUROC: 0.9867; AUPRC: 0.9667; pAUC: 0.9298
Epoch 500 : base_loss 0.4717; sparsity 0.0031; smoothness 0.0062; CF_pred 0.0006; AUROC: 1.0; AUPRC: 1.0; pAUC: 1.0
Dataset #1; Acc.: 0.95; Bal. Acc.: 0.9; AUROC: 1.0; AUPRC: 1.0; pAUC: 1.0; RMSE: 0.6868; coeff.: 0.0038
signed structures #1; Bal.Acc_pos: 0.95; Bal.Acc_neg: 0.8
predicted:[[-2.66203680e-04 -9.86218766e-03  1.53745806e-03 -1.02144870e-02]
 [-5.29778989e-04 -1.40928081e-03  6.15311115e-04 -1.36622038e-03]
 [ 5.54187868e-03  3.19355349e-04 -1.19281863e-04 -4.77587219e-05]
 [-2.79358296e-04 -1.81234183e-02  1.02053903e-04  9.95951697e-04]
 [ 6.78020693e-04  5.70192442e-04 -5.04253687e-05 -1.59310961e-03]]
ground truth:[[ 0. -1.  0. -1.]
 [ 0.  0.  0.  0.]
 [-1.  0.  0.  0.]
 [ 0. -1.  0.  0.]
 [ 0.  0.  0. -1.]]
Epoch 0 : base_loss 0.5056; sparsity 0.4697; smoothness 0.0426; CF_pred 0.129; AUROC: 0.9062; AUPRC: 0.7679; pAUC: 0.7368
Epoch 100 : base_loss 0.4901; sparsity 0.1218; smoothness 0.02; CF_pred 0.0177; AUROC: 0.8594; AUPRC: 0.625; pAUC: 0.6053
Epoch 200 : base_loss 0.483; sparsity 0.0685; smoothness 0.0164; CF_pred 0.0053; AUROC: 0.8438; AUPRC: 0.6; pAUC: 0.6053
Epoch 300 : base_loss 0.4782; sparsity 0.0525; smoothness 0.0157; CF_pred 0.0028; AUROC: 0.875; AUPRC: 0.6429; pAUC: 0.6053
Epoch 400 : base_loss 0.4752; sparsity 0.0458; smoothness 0.0156; CF_pred 0.002; AUROC: 0.875; AUPRC: 0.6429; pAUC: 0.6053
Epoch 500 : base_loss 0.4733; sparsity 0.0425; smoothness 0.0157; CF_pred 0.0016; AUROC: 0.875; AUPRC: 0.6429; pAUC: 0.6053
Dataset #2; Acc.: 0.9; Bal. Acc.: 0.75; AUROC: 0.875; AUPRC: 0.6429; pAUC: 0.6053; RMSE: 0.688; coeff.: 0.0036
signed structures #2; Bal.Acc_pos: 0.625; Bal.Acc_neg: 0.95
predicted:[[ 1.67583457e-02 -9.51424214e-04 -7.65383245e-04 -1.95110408e-02]
 [-2.31784158e-02 -6.41586526e-04 -8.11524473e-05 -5.45119724e-02]
 [ 3.39466237e-04  2.54681546e-04  7.87749770e-03  2.77355858e-05]
 [ 7.91393218e-04  1.46610919e-04 -4.09064433e-03 -2.80965037e-05]
 [-1.37896949e-02 -1.51367658e-02  3.61024304e-05  2.38706080e-05]]
ground truth:[[1. 0. 0. 0.]
 [0. 0. 0. 1.]
 [0. 0. 1. 0.]
 [0. 0. 0. 0.]
 [1. 0. 0. 0.]]
Epoch 0 : base_loss 0.4986; sparsity 0.2712; smoothness 0.0115; CF_pred 0.1241; AUROC: 0.9804; AUPRC: 0.9167; pAUC: 0.8968
Epoch 100 : base_loss 0.4908; sparsity 0.0545; smoothness 0.0057; CF_pred 0.0232; AUROC: 0.9804; AUPRC: 0.9167; pAUC: 0.8968
Epoch 200 : base_loss 0.4828; sparsity 0.0207; smoothness 0.0056; CF_pred 0.0077; AUROC: 0.9804; AUPRC: 0.9167; pAUC: 0.8968
Epoch 300 : base_loss 0.4774; sparsity 0.0123; smoothness 0.0059; CF_pred 0.004; AUROC: 1.0; AUPRC: 1.0; pAUC: 1.0
Epoch 400 : base_loss 0.4738; sparsity 0.0093; smoothness 0.0062; CF_pred 0.0027; AUROC: 1.0; AUPRC: 1.0; pAUC: 1.0
Epoch 500 : base_loss 0.4716; sparsity 0.008; smoothness 0.0065; CF_pred 0.0021; AUROC: 1.0; AUPRC: 1.0; pAUC: 1.0
Dataset #3; Acc.: 0.75; Bal. Acc.: 0.5784; AUROC: 1.0; AUPRC: 1.0; pAUC: 1.0; RMSE: 0.6867; coeff.: 0.0039
signed structures #3; Bal.Acc_pos: 0.4167; Bal.Acc_neg: 1.0
predicted:[[-1.93653789e-02  1.06990820e-03 -1.55225504e-03  8.39297945e-04]
 [-6.77973452e-03  1.56796843e-03 -6.56420270e-04 -1.54678311e-03]
 [-4.09519941e-04  4.32621870e-04 -7.91676769e-03 -2.54142438e-05]
 [ 4.89590328e-04  5.61324742e-04 -3.94881804e-03 -1.48883320e-03]
 [-1.01619496e-04  7.75882298e-05 -4.37403241e-05 -9.96999514e-04]]
ground truth:[[-1.  0.  0.  0.]
 [ 1.  0.  0.  0.]
 [ 0.  0.  1.  0.]
 [ 0.  0.  0.  0.]
 [ 0.  0.  0.  0.]]
Epoch 0 : base_loss 0.5136; sparsity 0.2935; smoothness 0.0187; CF_pred 0.1522; AUROC: 0.7374; AUPRC: 0.74; pAUC: 0.6013
Epoch 100 : base_loss 0.492; sparsity 0.0644; smoothness 0.0083; CF_pred 0.0303; AUROC: 0.7677; AUPRC: 0.7373; pAUC: 0.5587
Epoch 200 : base_loss 0.4853; sparsity 0.0266; smoothness 0.0068; CF_pred 0.0109; AUROC: 0.798; AUPRC: 0.7859; pAUC: 0.6119
Epoch 300 : base_loss 0.4812; sparsity 0.0163; smoothness 0.0066; CF_pred 0.0058; AUROC: 0.798; AUPRC: 0.7859; pAUC: 0.6119
Epoch 400 : base_loss 0.4787; sparsity 0.0124; smoothness 0.0067; CF_pred 0.004; AUROC: 0.798; AUPRC: 0.7859; pAUC: 0.6119
Epoch 500 : base_loss 0.4771; sparsity 0.0106; smoothness 0.0067; CF_pred 0.0032; AUROC: 0.798; AUPRC: 0.7859; pAUC: 0.6119
Dataset #4; Acc.: 0.8; Bal. Acc.: 0.7879; AUROC: 0.798; AUPRC: 0.7859; pAUC: 0.6119; RMSE: 0.6907; coeff.: 0.0041
signed structures #4; Bal.Acc_pos: 0.5938; Bal.Acc_neg: 0.6
predicted:[[-4.27122441e-03  1.89282757e-02 -8.80496233e-03 -1.21237225e-02]
 [-6.66080795e-04  2.16095367e-05  3.93909573e-04 -6.18134582e-03]
 [ 2.79089216e-03 -1.73938646e-05 -5.03579978e-03 -3.62353962e-04]
 [-9.35628431e-03 -2.58420758e-03  2.12378934e-02 -8.88889404e-03]
 [ 1.28117448e-03  1.02194345e-03  3.99250112e-03  1.49875747e-03]]
ground truth:[[ 0.  1.  1.  0.]
 [ 0.  0. -1. -1.]
 [ 1.  0.  0.  0.]
 [ 1. -1. -1. -1.]
 [ 0.  0.  0.  0.]]
Epoch 0 : base_loss 0.5111; sparsity 0.3154; smoothness 0.0168; CF_pred 0.1498; AUROC: 0.6667; AUPRC: 0.645; pAUC: 0.5724
Epoch 100 : base_loss 0.4926; sparsity 0.0608; smoothness 0.0087; CF_pred 0.0221; AUROC: 0.8125; AUPRC: 0.8272; pAUC: 0.8026
Epoch 200 : base_loss 0.4846; sparsity 0.0262; smoothness 0.0078; CF_pred 0.0067; AUROC: 0.8438; AUPRC: 0.8292; pAUC: 0.7368
Epoch 300 : base_loss 0.4798; sparsity 0.0177; smoothness 0.0078; CF_pred 0.0035; AUROC: 0.8542; AUPRC: 0.834; pAUC: 0.7368
Epoch 400 : base_loss 0.4768; sparsity 0.0144; smoothness 0.008; CF_pred 0.0025; AUROC: 0.8646; AUPRC: 0.844; pAUC: 0.7478
Epoch 500 : base_loss 0.475; sparsity 0.0128; smoothness 0.0081; CF_pred 0.0021; AUROC: 0.8646; AUPRC: 0.8593; pAUC: 0.8026
Dataset #5; Acc.: 0.75; Bal. Acc.: 0.75; AUROC: 0.8646; AUPRC: 0.8593; pAUC: 0.8026; RMSE: 0.6892; coeff.: 0.0037
signed structures #5; Bal.Acc_pos: 0.7188; Bal.Acc_neg: 0.625
predicted:[[-0.00989728  0.0005905   0.00086378 -0.01712855]
 [-0.00223023  0.00486181 -0.00883514  0.00557393]
 [ 0.00390419 -0.00804432 -0.01894474 -0.00545999]
 [-0.01134034  0.00769536  0.01494643 -0.01099789]
 [ 0.00517433  0.01166198  0.00301418 -0.00969059]]
ground truth:[[ 0.  0.  0. -1.]
 [ 0.  0. -1.  0.]
 [ 0.  0.  1.  0.]
 [-1. -1.  1.  0.]
 [ 1.  1.  0.  0.]]
Epoch 0 : base_loss 0.4879; sparsity 0.2908; smoothness 0.0148; CF_pred 0.1647; AUROC: 0.6667; AUPRC: 0.4187; pAUC: 0.5088
Epoch 100 : base_loss 0.4833; sparsity 0.056; smoothness 0.0075; CF_pred 0.0282; AUROC: 0.7067; AUPRC: 0.4163; pAUC: 0.4737
Epoch 200 : base_loss 0.4775; sparsity 0.0205; smoothness 0.0072; CF_pred 0.0089; AUROC: 0.7333; AUPRC: 0.4436; pAUC: 0.4737
Epoch 300 : base_loss 0.4733; sparsity 0.0118; smoothness 0.0076; CF_pred 0.0045; AUROC: 0.76; AUPRC: 0.4636; pAUC: 0.4737
Epoch 400 : base_loss 0.4708; sparsity 0.0089; smoothness 0.008; CF_pred 0.0032; AUROC: 0.7733; AUPRC: 0.4914; pAUC: 0.4737
Epoch 500 : base_loss 0.4693; sparsity 0.0076; smoothness 0.0082; CF_pred 0.0026; AUROC: 0.7733; AUPRC: 0.4914; pAUC: 0.4737
Dataset #6; Acc.: 0.8; Bal. Acc.: 0.7333; AUROC: 0.7733; AUPRC: 0.4914; pAUC: 0.4737; RMSE: 0.685; coeff.: 0.005
signed structures #6; Bal.Acc_pos: 0.7222; Bal.Acc_neg: 0.6078
predicted:[[ 1.66099715e-02 -6.17714519e-03  8.48145053e-04  4.90038127e-04]
 [ 1.08009776e-02 -1.16566353e-02  2.96580066e-03  5.41864833e-03]
 [-1.33966925e-02 -4.72461988e-03 -2.44671049e-05  5.18316134e-04]
 [-7.42865639e-03 -5.85890783e-03  4.74737363e-05 -1.68231620e-03]
 [-4.74786477e-03  1.66136525e-03  1.80814250e-03  5.26270061e-04]]
ground truth:[[ 0. -1.  0.  0.]
 [ 1.  1.  0.  0.]
 [ 0.  0.  0.  0.]
 [-1.  0.  0.  0.]
 [ 0. -1.  0.  0.]]
Epoch 0 : base_loss 0.5057; sparsity 0.3978; smoothness 0.0225; CF_pred 0.1271; AUROC: 0.52; AUPRC: 0.6394; pAUC: 0.5789
Epoch 100 : base_loss 0.4938; sparsity 0.087; smoothness 0.0108; CF_pred 0.0226; AUROC: 0.51; AUPRC: 0.6146; pAUC: 0.5789
Epoch 200 : base_loss 0.4895; sparsity 0.0401; smoothness 0.0092; CF_pred 0.0079; AUROC: 0.54; AUPRC: 0.5854; pAUC: 0.5263
Epoch 300 : base_loss 0.4865; sparsity 0.0271; smoothness 0.009; CF_pred 0.0043; AUROC: 0.52; AUPRC: 0.561; pAUC: 0.5263
Epoch 400 : base_loss 0.4846; sparsity 0.0219; smoothness 0.0091; CF_pred 0.003; AUROC: 0.56; AUPRC: 0.5771; pAUC: 0.5263
Epoch 500 : base_loss 0.4835; sparsity 0.0195; smoothness 0.0091; CF_pred 0.0025; AUROC: 0.56; AUPRC: 0.5771; pAUC: 0.5263
Dataset #7; Acc.: 0.4; Bal. Acc.: 0.4; AUROC: 0.56; AUPRC: 0.5771; pAUC: 0.5263; RMSE: 0.6953; coeff.: 0.0036
signed structures #7; Bal.Acc_pos: 0.5476; Bal.Acc_neg: 0.4688
predicted:[[-0.00546643 -0.00589452 -0.01560493 -0.00751125]
 [-0.00652528 -0.01062928  0.02499693  0.01301443]
 [-0.00330274  0.01283117 -0.01431249 -0.01352927]
 [-0.00193312 -0.00382817  0.00610736  0.00855044]
 [ 0.00694966 -0.01643504  0.0292822  -0.00986867]]
ground truth:[[ 0.  0.  0. -1.]
 [-1.  0.  0.  1.]
 [ 0.  1. -1.  0.]
 [ 0.  1.  0. -1.]
 [ 1.  0.  1.  1.]]
Epoch 0 : base_loss 0.5235; sparsity 0.6291; smoothness 0.0207; CF_pred 0.2963; AUROC: 0.9405; AUPRC: 0.8556; pAUC: 0.7243
Epoch 100 : base_loss 0.4999; sparsity 0.144; smoothness 0.0092; CF_pred 0.0635; AUROC: 0.9167; AUPRC: 0.7802; pAUC: 0.6366
Epoch 200 : base_loss 0.4938; sparsity 0.0541; smoothness 0.0073; CF_pred 0.0215; AUROC: 0.9167; AUPRC: 0.7167; pAUC: 0.599
Epoch 300 : base_loss 0.4906; sparsity 0.0307; smoothness 0.0071; CF_pred 0.0106; AUROC: 0.9167; AUPRC: 0.7167; pAUC: 0.599
Epoch 400 : base_loss 0.4887; sparsity 0.0227; smoothness 0.0072; CF_pred 0.0069; AUROC: 0.9167; AUPRC: 0.7167; pAUC: 0.599
Epoch 500 : base_loss 0.4874; sparsity 0.0192; smoothness 0.0072; CF_pred 0.0053; AUROC: 0.9167; AUPRC: 0.7167; pAUC: 0.599
Dataset #8; Acc.: 0.95; Bal. Acc.: 0.9643; AUROC: 0.9167; AUPRC: 0.7167; pAUC: 0.599; RMSE: 0.6982; coeff.: 0.0032
signed structures #8; Bal.Acc_pos: 0.7667; Bal.Acc_neg: 0.9474
predicted:[[ 0.00910939 -0.00013756 -0.00077411 -0.00777891]
 [ 0.01832057 -0.00103867 -0.00071656  0.01249245]
 [ 0.00179178  0.00340756 -0.0148964   0.00027901]
 [ 0.00088696  0.00037201  0.01433805  0.00028846]
 [-0.0132301   0.0097203  -0.00027202 -0.00114735]]
ground truth:[[ 0.  0.  0.  1.]
 [ 0.  0.  0.  1.]
 [ 0.  0.  1.  0.]
 [ 0.  0.  1.  0.]
 [-1.  1.  0.  0.]]
Epoch 0 : base_loss 0.5037; sparsity 0.8292; smoothness 0.0552; CF_pred 0.1768; AUROC: 0.79; AUPRC: 0.7568; pAUC: 0.5263
Epoch 100 : base_loss 0.4918; sparsity 0.261; smoothness 0.0237; CF_pred 0.0426; AUROC: 0.91; AUPRC: 0.848; pAUC: 0.5263
Epoch 200 : base_loss 0.4873; sparsity 0.1265; smoothness 0.0159; CF_pred 0.0155; AUROC: 0.88; AUPRC: 0.8537; pAUC: 0.5789
Epoch 300 : base_loss 0.4841; sparsity 0.0823; smoothness 0.0135; CF_pred 0.008; AUROC: 0.84; AUPRC: 0.8225; pAUC: 0.5789
Epoch 400 : base_loss 0.482; sparsity 0.065; smoothness 0.0127; CF_pred 0.0054; AUROC: 0.79; AUPRC: 0.7788; pAUC: 0.5789
Epoch 500 : base_loss 0.4806; sparsity 0.0569; smoothness 0.0124; CF_pred 0.0043; AUROC: 0.77; AUPRC: 0.7641; pAUC: 0.5789
Dataset #9; Acc.: 0.7; Bal. Acc.: 0.7; AUROC: 0.77; AUPRC: 0.7641; pAUC: 0.5789; RMSE: 0.6933; coeff.: 0.0036
signed structures #9; Bal.Acc_pos: 0.6429; Bal.Acc_neg: 0.8438
predicted:[[-0.01506981 -0.01303491  0.00588558  0.01598958]
 [ 0.00401005  0.00462366  0.00551919  0.01396826]
 [ 0.00839563  0.02391889  0.0191261   0.01978065]
 [-0.00515743 -0.00904887  0.03075091 -0.01413393]
 [ 0.00882429  0.03194832  0.01473652  0.01448355]]
ground truth:[[-1. -1.  0.  0.]
 [ 0.  0.  0.  1.]
 [ 0.  0.  1.  1.]
 [ 0. -1.  1.  0.]
 [ 1. -1.  0.  1.]]
Epoch 0 : base_loss 0.5019; sparsity 0.262; smoothness 0.0221; CF_pred 0.0952; AUROC: 0.697; AUPRC: 0.6586; pAUC: 0.5428
Epoch 100 : base_loss 0.4862; sparsity 0.0638; smoothness 0.0099; CF_pred 0.0155; AUROC: 0.7475; AUPRC: 0.7105; pAUC: 0.5534
Epoch 200 : base_loss 0.4775; sparsity 0.0336; smoothness 0.0088; CF_pred 0.0047; AUROC: 0.7475; AUPRC: 0.7033; pAUC: 0.5481
Epoch 300 : base_loss 0.4715; sparsity 0.0252; smoothness 0.009; CF_pred 0.0023; AUROC: 0.7576; AUPRC: 0.705; pAUC: 0.5481
Epoch 400 : base_loss 0.4676; sparsity 0.0218; smoothness 0.0092; CF_pred 0.0016; AUROC: 0.7374; AUPRC: 0.6824; pAUC: 0.5428
Epoch 500 : base_loss 0.4652; sparsity 0.0202; smoothness 0.0094; CF_pred 0.0012; AUROC: 0.7374; AUPRC: 0.6824; pAUC: 0.5428
Dataset #10; Acc.: 0.6; Bal. Acc.: 0.5758; AUROC: 0.7374; AUPRC: 0.6824; pAUC: 0.5428; RMSE: 0.6821; coeff.: 0.0045
signed structures #10; Bal.Acc_pos: 0.3824; Bal.Acc_neg: 0.5833
predicted:[[ 0.01670244  0.00768323 -0.00015268  0.01271613]
 [-0.0442447   0.02615846 -0.00378892 -0.01627435]
 [-0.01048131  0.01329898 -0.00035122 -0.01560496]
 [ 0.00050043 -0.00078283 -0.00022616  0.00015551]
 [ 0.02672965 -0.00757559  0.02959899 -0.00011154]]
ground truth:[[ 0.  1.  0.  1.]
 [-1. -1.  0.  1.]
 [-1.  0.  0.  0.]
 [-1.  0.  0.  0.]
 [-1. -1.  0.  0.]]

Acc.         :0.76
Bal. Acc.    :0.7139686783804431
AUROC        :0.8294936868686869
AUPRC        :0.7519748283669851
pAUC        :0.6740544543176121
BA (pos.)    :0.6365884687208216
BA (neg.)    :0.7426044891640866
RMSE        :0.6895376870264265
coeff.         :0.0038998867385089397
 computation time: 128.650 (+/-) 4.387
./weights/boid5_bat_gvar_10/_TEST_percept_CF_pred_self best λ = [1.]; β = [0.]; γ = [1000.]
 RMSE, mean_coeffs: [0.69] $\pm$ [0.005] & [0.004] $\pm$ [0.] 
BA, AUPRC, BA_pos, BA_neg: [0.714] $\pm$ [0.156] & [0.752] $\pm$ [0.159] & [0.637] $\pm$ [0.159] & [0.743] $\pm$ [0.178] 
--Return--
> /work4/fujii/work/ABM/experimental_utils.py(355)run_grid_search()->None
-> import pdb; pdb.set_trace()
(Pdb) 
Traceback (most recent call last):
  File "run_grid_search.py", line 482, in <module>
    index_None = index_None_te, args_list = args_list_te)
  File "/work4/fujii/work/ABM/experimental_utils.py", line 355, in run_grid_search
    import pdb; pdb.set_trace()
  File "/usr/lib64/python3.6/bdb.py", line 55, in trace_dispatch
    return self.dispatch_return(frame, arg)
  File "/usr/lib64/python3.6/bdb.py", line 99, in dispatch_return
    if self.quitting: raise BdbQuit
bdb.BdbQuit
